{"/mnt/myproj/commerce-ui/src/App.js": {"data":{"path":"/mnt/myproj/commerce-ui/src/App.js","statementMap":{"0":{"start":{"line":12,"column":12},"end":{"line":19,"column":13}},"1":{"start":{"line":13,"column":2},"end":{"line":19,"column":13}}},"fnMap":{"0":{"name":"(anonymous_0)","decl":{"start":{"line":12,"column":12},"end":{"line":12,"column":13}},"loc":{"start":{"line":13,"column":2},"end":{"line":19,"column":13}},"line":13}},"branchMap":{},"s":{"0":1,"1":1},"f":{"0":1},"b":{},"_coverageSchema":"332fd63041d2c1bcb487cc26dd0d5f7d97098a6c","hash":"2a0446b0a913257e1a0eda21e8b90084c55400ae"}}
,"/mnt/myproj/commerce-ui/src/CommerceApp.js": {"data":{"path":"/mnt/myproj/commerce-ui/src/CommerceApp.js","statementMap":{"0":{"start":{"line":11,"column":2},"end":{"line":21,"column":4}}},"fnMap":{"0":{"name":"(anonymous_0)","decl":{"start":{"line":10,"column":1},"end":{"line":10,"column":2}},"loc":{"start":{"line":10,"column":10},"end":{"line":22,"column":2}},"line":10}},"branchMap":{},"s":{"0":1},"f":{"0":1},"b":{},"_coverageSchema":"332fd63041d2c1bcb487cc26dd0d5f7d97098a6c","hash":"a4a9a2926c58b9541fd21e3f38762e89ac9972ac"}}
,"/mnt/myproj/commerce-ui/src/common.js": {"data":{"path":"/mnt/myproj/commerce-ui/src/common.js","statementMap":{"0":{"start":{"line":2,"column":0},"end":{"line":4,"column":1}},"1":{"start":{"line":3,"column":2},"end":{"line":3,"column":43}},"2":{"start":{"line":6,"column":19},"end":{"line":11,"column":1}},"3":{"start":{"line":7,"column":16},"end":{"line":7,"column":47}},"4":{"start":{"line":8,"column":22},"end":{"line":8,"column":59}},"5":{"start":{"line":9,"column":19},"end":{"line":9,"column":53}},"6":{"start":{"line":10,"column":15},"end":{"line":10,"column":41}},"7":{"start":{"line":14,"column":0},"end":{"line":16,"column":1}},"8":{"start":{"line":15,"column":2},"end":{"line":15,"column":47}},"9":{"start":{"line":18,"column":21},"end":{"line":23,"column":1}},"10":{"start":{"line":19,"column":16},"end":{"line":19,"column":49}},"11":{"start":{"line":20,"column":22},"end":{"line":20,"column":61}},"12":{"start":{"line":21,"column":19},"end":{"line":21,"column":55}},"13":{"start":{"line":22,"column":15},"end":{"line":22,"column":43}}},"fnMap":{"0":{"name":"(anonymous_0)","decl":{"start":{"line":7,"column":7},"end":{"line":7,"column":8}},"loc":{"start":{"line":7,"column":16},"end":{"line":7,"column":47}},"line":7},"1":{"name":"(anonymous_1)","decl":{"start":{"line":8,"column":7},"end":{"line":8,"column":8}},"loc":{"start":{"line":8,"column":22},"end":{"line":8,"column":59}},"line":8},"2":{"name":"(anonymous_2)","decl":{"start":{"line":9,"column":10},"end":{"line":9,"column":11}},"loc":{"start":{"line":9,"column":19},"end":{"line":9,"column":53}},"line":9},"3":{"name":"(anonymous_3)","decl":{"start":{"line":10,"column":9},"end":{"line":10,"column":10}},"loc":{"start":{"line":10,"column":15},"end":{"line":10,"column":41}},"line":10},"4":{"name":"(anonymous_4)","decl":{"start":{"line":19,"column":7},"end":{"line":19,"column":8}},"loc":{"start":{"line":19,"column":16},"end":{"line":19,"column":49}},"line":19},"5":{"name":"(anonymous_5)","decl":{"start":{"line":20,"column":7},"end":{"line":20,"column":8}},"loc":{"start":{"line":20,"column":22},"end":{"line":20,"column":61}},"line":20},"6":{"name":"(anonymous_6)","decl":{"start":{"line":21,"column":10},"end":{"line":21,"column":11}},"loc":{"start":{"line":21,"column":19},"end":{"line":21,"column":55}},"line":21},"7":{"name":"(anonymous_7)","decl":{"start":{"line":22,"column":9},"end":{"line":22,"column":10}},"loc":{"start":{"line":22,"column":15},"end":{"line":22,"column":43}},"line":22}},"branchMap":{"0":{"loc":{"start":{"line":2,"column":0},"end":{"line":4,"column":1}},"type":"if","locations":[{"start":{"line":2,"column":0},"end":{"line":4,"column":1}},{"start":{"line":2,"column":0},"end":{"line":4,"column":1}}],"line":2},"1":{"loc":{"start":{"line":2,"column":4},"end":{"line":2,"column":33}},"type":"binary-expr","locations":[{"start":{"line":2,"column":4},"end":{"line":2,"column":10}},{"start":{"line":2,"column":14},"end":{"line":2,"column":33}}],"line":2},"2":{"loc":{"start":{"line":14,"column":0},"end":{"line":16,"column":1}},"type":"if","locations":[{"start":{"line":14,"column":0},"end":{"line":16,"column":1}},{"start":{"line":14,"column":0},"end":{"line":16,"column":1}}],"line":14},"3":{"loc":{"start":{"line":14,"column":4},"end":{"line":14,"column":35}},"type":"binary-expr","locations":[{"start":{"line":14,"column":4},"end":{"line":14,"column":10}},{"start":{"line":14,"column":14},"end":{"line":14,"column":35}}],"line":14}},"s":{"0":4,"1":0,"2":4,"3":0,"4":0,"5":0,"6":0,"7":4,"8":0,"9":4,"10":0,"11":0,"12":0,"13":0},"f":{"0":0,"1":0,"2":0,"3":0,"4":0,"5":0,"6":0,"7":0},"b":{"0":[0,4],"1":[4,4],"2":[0,4],"3":[4,4]},"_coverageSchema":"332fd63041d2c1bcb487cc26dd0d5f7d97098a6c","hash":"b9b039226a7d0604bbded32720f3b4170ee59ad8"}}
,"/mnt/myproj/commerce-ui/src/history.js": {"data":{"path":"/mnt/myproj/commerce-ui/src/history.js","statementMap":{"0":{"start":{"line":3,"column":16},"end":{"line":3,"column":31}}},"fnMap":{},"branchMap":{},"s":{"0":1},"f":{},"b":{},"_coverageSchema":"332fd63041d2c1bcb487cc26dd0d5f7d97098a6c","hash":"d413a285ba7bc37d57b59fa50364a814e2e316ea"}}
,"/mnt/myproj/commerce-ui/src/index.js": {"data":{"path":"/mnt/myproj/commerce-ui/src/index.js","statementMap":{"0":{"start":{"line":1,"column":32},"end":{"line":1,"column":70}},"1":{"start":{"line":1,"column":84},"end":{"line":1,"column":100}},"2":{"start":{"line":1,"column":115},"end":{"line":1,"column":145}},"3":{"start":{"line":2,"column":16},"end":{"line":2,"column":36}},"4":{"start":{"line":2,"column":54},"end":{"line":2,"column":87}},"5":{"start":{"line":3,"column":11},"end":{"line":3,"column":27}},"6":{"start":{"line":3,"column":40},"end":{"line":3,"column":68}},"7":{"start":{"line":3,"column":107},"end":{"line":3,"column":161}},"8":{"start":{"line":5,"column":0},"end":{"line":5,"column":181}}},"fnMap":{"0":{"name":"_interopRequireDefault","decl":{"start":{"line":3,"column":78},"end":{"line":3,"column":100}},"loc":{"start":{"line":3,"column":106},"end":{"line":3,"column":162}},"line":3}},"branchMap":{"0":{"loc":{"start":{"line":3,"column":114},"end":{"line":3,"column":160}},"type":"cond-expr","locations":[{"start":{"line":3,"column":138},"end":{"line":3,"column":141}},{"start":{"line":3,"column":144},"end":{"line":3,"column":160}}],"line":3},"1":{"loc":{"start":{"line":3,"column":114},"end":{"line":3,"column":135}},"type":"binary-expr","locations":[{"start":{"line":3,"column":114},"end":{"line":3,"column":117}},{"start":{"line":3,"column":121},"end":{"line":3,"column":135}}],"line":3}},"s":{"0":0,"1":0,"2":0,"3":0,"4":0,"5":0,"6":0,"7":0,"8":0},"f":{"0":0},"b":{"0":[0,0],"1":[0,0]}}}
,"/mnt/myproj/commerce-ui/src/registerServiceWorker.js": {"data":{"path":"/mnt/myproj/commerce-ui/src/registerServiceWorker.js","statementMap":{"0":{"start":{"line":1,"column":13},"end":{"line":1,"column":75}},"1":{"start":{"line":1,"column":75},"end":{"line":21,"column":9}},"2":{"start":{"line":21,"column":9},"end":{"line":102,"column":24}},"3":{"start":{"line":109,"column":20},"end":{"line":111,"column":89}},"4":{"start":{"line":111,"column":111},"end":{"line":117,"column":36}},"5":{"start":{"line":112,"column":22},"end":{"line":112,"column":70}},"6":{"start":{"line":112,"column":71},"end":{"line":115,"column":14}},"7":{"start":{"line":115,"column":6},"end":{"line":115,"column":13}},"8":{"start":{"line":115,"column":14},"end":{"line":117,"column":35}},"9":{"start":{"line":115,"column":67},"end":{"line":115,"column":112}},"10":{"start":{"line":115,"column":113},"end":{"line":117,"column":32}},"11":{"start":{"line":116,"column":8},"end":{"line":116,"column":39}},"12":{"start":{"line":117,"column":8},"end":{"line":117,"column":31}},"13":{"start":{"line":117,"column":70},"end":{"line":124,"column":156}},"14":{"start":{"line":117,"column":132},"end":{"line":124,"column":68}},"15":{"start":{"line":117,"column":193},"end":{"line":117,"column":216}},"16":{"start":{"line":117,"column":217},"end":{"line":124,"column":66}},"17":{"start":{"line":117,"column":257},"end":{"line":124,"column":64}},"18":{"start":{"line":117,"column":302},"end":{"line":124,"column":63}},"19":{"start":{"line":121,"column":12},"end":{"line":121,"column":69}},"20":{"start":{"line":124,"column":12},"end":{"line":124,"column":62}},"21":{"start":{"line":124,"column":87},"end":{"line":124,"column":153}},"22":{"start":{"line":125,"column":2},"end":{"line":128,"column":126}},"23":{"start":{"line":126,"column":4},"end":{"line":128,"column":30}},"24":{"start":{"line":127,"column":6},"end":{"line":127,"column":127}},"25":{"start":{"line":127,"column":58},"end":{"line":127,"column":124}},"26":{"start":{"line":127,"column":96},"end":{"line":127,"column":121}},"27":{"start":{"line":128,"column":6},"end":{"line":128,"column":29}},"28":{"start":{"line":128,"column":46},"end":{"line":128,"column":123}},"29":{"start":{"line":128,"column":150},"end":{"line":128,"column":267}},"30":{"start":{"line":128,"column":185},"end":{"line":128,"column":266}},"31":{"start":{"line":128,"column":237},"end":{"line":128,"column":263}}},"fnMap":{"0":{"name":"register","decl":{"start":{"line":111,"column":99},"end":{"line":111,"column":107}},"loc":{"start":{"line":111,"column":110},"end":{"line":117,"column":37}},"line":111},"1":{"name":"(anonymous_1)","decl":{"start":{"line":115,"column":46},"end":{"line":115,"column":47}},"loc":{"start":{"line":115,"column":52},"end":{"line":117,"column":33}},"line":115},"2":{"name":"registerValidSW","decl":{"start":{"line":117,"column":46},"end":{"line":117,"column":61}},"loc":{"start":{"line":117,"column":69},"end":{"line":124,"column":157}},"line":117},"3":{"name":"(anonymous_3)","decl":{"start":{"line":117,"column":115},"end":{"line":117,"column":116}},"loc":{"start":{"line":117,"column":131},"end":{"line":124,"column":69}},"line":117},"4":{"name":"(anonymous_4)","decl":{"start":{"line":117,"column":161},"end":{"line":117,"column":162}},"loc":{"start":{"line":117,"column":167},"end":{"line":124,"column":67}},"line":117},"5":{"name":"(anonymous_5)","decl":{"start":{"line":117,"column":250},"end":{"line":117,"column":251}},"loc":{"start":{"line":117,"column":256},"end":{"line":124,"column":65}},"line":117},"6":{"name":"(anonymous_6)","decl":{"start":{"line":124,"column":77},"end":{"line":124,"column":78}},"loc":{"start":{"line":124,"column":86},"end":{"line":124,"column":154}},"line":124},"7":{"name":"checkValidServiceWorker","decl":{"start":{"line":124,"column":166},"end":{"line":124,"column":189}},"loc":{"start":{"line":124,"column":197},"end":{"line":128,"column":127}},"line":124},"8":{"name":"(anonymous_8)","decl":{"start":{"line":125,"column":20},"end":{"line":125,"column":21}},"loc":{"start":{"line":125,"column":32},"end":{"line":128,"column":31}},"line":125},"9":{"name":"(anonymous_9)","decl":{"start":{"line":127,"column":41},"end":{"line":127,"column":42}},"loc":{"start":{"line":127,"column":57},"end":{"line":127,"column":125}},"line":127},"10":{"name":"(anonymous_10)","decl":{"start":{"line":127,"column":89},"end":{"line":127,"column":90}},"loc":{"start":{"line":127,"column":95},"end":{"line":127,"column":122}},"line":127},"11":{"name":"(anonymous_11)","decl":{"start":{"line":128,"column":39},"end":{"line":128,"column":40}},"loc":{"start":{"line":128,"column":45},"end":{"line":128,"column":124}},"line":128},"12":{"name":"unregister","decl":{"start":{"line":128,"column":136},"end":{"line":128,"column":146}},"loc":{"start":{"line":128,"column":149},"end":{"line":128,"column":268}},"line":128},"13":{"name":"(anonymous_13)","decl":{"start":{"line":128,"column":220},"end":{"line":128,"column":221}},"loc":{"start":{"line":128,"column":236},"end":{"line":128,"column":264}},"line":128}},"branchMap":{"0":{"loc":{"start":{"line":109,"column":28},"end":{"line":111,"column":88}},"type":"binary-expr","locations":[{"start":{"line":109,"column":28},"end":{"line":109,"column":68}},{"start":{"line":110,"column":0},"end":{"line":110,"column":36}},{"start":{"line":111,"column":0},"end":{"line":111,"column":88}}],"line":109},"1":{"loc":{"start":{"line":111,"column":111},"end":{"line":117,"column":36}},"type":"if","locations":[{"start":{"line":111,"column":111},"end":{"line":117,"column":36}},{"start":{"line":111,"column":111},"end":{"line":117,"column":36}}],"line":111},"2":{"loc":{"start":{"line":111,"column":115},"end":{"line":111,"column":184}},"type":"binary-expr","locations":[{"start":{"line":111,"column":115},"end":{"line":111,"column":152}},{"start":{"line":111,"column":156},"end":{"line":111,"column":184}}],"line":111},"3":{"loc":{"start":{"line":112,"column":71},"end":{"line":115,"column":14}},"type":"if","locations":[{"start":{"line":112,"column":71},"end":{"line":115,"column":14}},{"start":{"line":112,"column":71},"end":{"line":115,"column":14}}],"line":112},"4":{"loc":{"start":{"line":115,"column":113},"end":{"line":117,"column":32}},"type":"if","locations":[{"start":{"line":115,"column":113},"end":{"line":117,"column":32}},{"start":{"line":115,"column":113},"end":{"line":117,"column":32}}],"line":115},"5":{"loc":{"start":{"line":117,"column":257},"end":{"line":124,"column":64}},"type":"if","locations":[{"start":{"line":117,"column":257},"end":{"line":124,"column":64}},{"start":{"line":117,"column":257},"end":{"line":124,"column":64}}],"line":117},"6":{"loc":{"start":{"line":117,"column":302},"end":{"line":124,"column":63}},"type":"if","locations":[{"start":{"line":117,"column":302},"end":{"line":124,"column":63}},{"start":{"line":117,"column":302},"end":{"line":124,"column":63}}],"line":117},"7":{"loc":{"start":{"line":126,"column":4},"end":{"line":128,"column":30}},"type":"if","locations":[{"start":{"line":126,"column":4},"end":{"line":128,"column":30}},{"start":{"line":126,"column":4},"end":{"line":128,"column":30}}],"line":126},"8":{"loc":{"start":{"line":126,"column":8},"end":{"line":126,"column":100}},"type":"binary-expr","locations":[{"start":{"line":126,"column":8},"end":{"line":126,"column":31}},{"start":{"line":126,"column":35},"end":{"line":126,"column":100}}],"line":126},"9":{"loc":{"start":{"line":128,"column":150},"end":{"line":128,"column":267}},"type":"if","locations":[{"start":{"line":128,"column":150},"end":{"line":128,"column":267}},{"start":{"line":128,"column":150},"end":{"line":128,"column":267}}],"line":128}},"s":{"0":0,"1":0,"2":0,"3":0,"4":0,"5":0,"6":0,"7":0,"8":0,"9":0,"10":0,"11":0,"12":0,"13":0,"14":0,"15":0,"16":0,"17":0,"18":0,"19":0,"20":0,"21":0,"22":0,"23":0,"24":0,"25":0,"26":0,"27":0,"28":0,"29":0,"30":0,"31":0},"f":{"0":0,"1":0,"2":0,"3":0,"4":0,"5":0,"6":0,"7":0,"8":0,"9":0,"10":0,"11":0,"12":0,"13":0},"b":{"0":[0,0,0],"1":[0,0],"2":[0,0],"3":[0,0],"4":[0,0],"5":[0,0],"6":[0,0],"7":[0,0],"8":[0,0],"9":[0,0]}}}
,"/mnt/myproj/commerce-ui/src/router.js": {"data":{"path":"/mnt/myproj/commerce-ui/src/router.js","statementMap":{"0":{"start":{"line":16,"column":15},"end":{"line":30,"column":1}},"1":{"start":{"line":17,"column":1},"end":{"line":29,"column":3}},"2":{"start":{"line":32,"column":27},"end":{"line":47,"column":1}},"3":{"start":{"line":33,"column":17},"end":{"line":33,"column":21}},"4":{"start":{"line":35,"column":1},"end":{"line":46,"column":2}},"5":{"start":{"line":37,"column":5},"end":{"line":44,"column":6}}},"fnMap":{"0":{"name":"(anonymous_0)","decl":{"start":{"line":16,"column":15},"end":{"line":16,"column":16}},"loc":{"start":{"line":16,"column":26},"end":{"line":30,"column":1}},"line":16},"1":{"name":"(anonymous_1)","decl":{"start":{"line":32,"column":27},"end":{"line":32,"column":28}},"loc":{"start":{"line":32,"column":66},"end":{"line":47,"column":1}},"line":32},"2":{"name":"(anonymous_2)","decl":{"start":{"line":36,"column":28},"end":{"line":36,"column":29}},"loc":{"start":{"line":37,"column":5},"end":{"line":44,"column":6}},"line":37}},"branchMap":{"0":{"loc":{"start":{"line":37,"column":5},"end":{"line":44,"column":6}},"type":"cond-expr","locations":[{"start":{"line":38,"column":7},"end":{"line":38,"column":30}},{"start":{"line":40,"column":7},"end":{"line":43,"column":11}}],"line":37}},"s":{"0":1,"1":1,"2":1,"3":0,"4":0,"5":0},"f":{"0":1,"1":0,"2":0},"b":{"0":[0,0]},"_coverageSchema":"332fd63041d2c1bcb487cc26dd0d5f7d97098a6c","hash":"70a599c0a17c7015e387ae16c4d4284b5463b7aa"}}
,"/mnt/myproj/commerce-ui/src/setupTests.js": {"data":{"path":"/mnt/myproj/commerce-ui/src/setupTests.js","statementMap":{"0":{"start":{"line":5,"column":0},"end":{"line":5,"column":76}},"1":{"start":{"line":7,"column":0},"end":{"line":7,"column":27}},"2":{"start":{"line":9,"column":0},"end":{"line":9,"column":29}},"3":{"start":{"line":10,"column":0},"end":{"line":10,"column":32}}},"fnMap":{"0":{"name":"(anonymous_0)","decl":{"start":{"line":10,"column":23},"end":{"line":10,"column":24}},"loc":{"start":{"line":10,"column":29},"end":{"line":10,"column":31}},"line":10}},"branchMap":{},"s":{"0":3,"1":3,"2":3,"3":3},"f":{"0":0},"b":{},"_coverageSchema":"332fd63041d2c1bcb487cc26dd0d5f7d97098a6c","hash":"d9ff0877847d0907c25b201863d36f3622d2124e"}}
,"/mnt/myproj/commerce-ui/src/store.js": {"data":{"path":"/mnt/myproj/commerce-ui/src/store.js","statementMap":{"0":{"start":{"line":7,"column":20},"end":{"line":7,"column":45}},"1":{"start":{"line":9,"column":14},"end":{"line":15,"column":1}},"2":{"start":{"line":13,"column":63},"end":{"line":13,"column":64}}},"fnMap":{"0":{"name":"(anonymous_0)","decl":{"start":{"line":13,"column":58},"end":{"line":13,"column":59}},"loc":{"start":{"line":13,"column":63},"end":{"line":13,"column":64}},"line":13}},"branchMap":{"0":{"loc":{"start":{"line":13,"column":2},"end":{"line":13,"column":64}},"type":"cond-expr","locations":[{"start":{"line":13,"column":29},"end":{"line":13,"column":55}},{"start":{"line":13,"column":58},"end":{"line":13,"column":64}}],"line":13}},"s":{"0":1,"1":1,"2":1},"f":{"0":1},"b":{"0":[0,1]},"_coverageSchema":"332fd63041d2c1bcb487cc26dd0d5f7d97098a6c","hash":"7e3814af98814f07f8419404dece82d9b833e456"}}
,"/mnt/myproj/commerce-ui/src/style.js": {"data":{"path":"/mnt/myproj/commerce-ui/src/style.js","statementMap":{"0":{"start":{"line":3,"column":15},"end":{"line":3,"column":17}},"1":{"start":{"line":5,"column":0},"end":{"line":10,"column":2}},"2":{"start":{"line":12,"column":0},"end":{"line":15,"column":2}},"3":{"start":{"line":17,"column":0},"end":{"line":26,"column":2}}},"fnMap":{},"branchMap":{},"s":{"0":1,"1":1,"2":1,"3":1},"f":{},"b":{},"_coverageSchema":"332fd63041d2c1bcb487cc26dd0d5f7d97098a6c","hash":"6349674ea258865c736bb251d4eaeb8ef81d6893"}}
,"/mnt/myproj/commerce-ui/src/action-types/index.js": {"data":{"path":"/mnt/myproj/commerce-ui/src/action-types/index.js","statementMap":{"0":{"start":{"line":1,"column":20},"end":{"line":9,"column":1}}},"fnMap":{},"branchMap":{},"s":{"0":2},"f":{},"b":{},"_coverageSchema":"332fd63041d2c1bcb487cc26dd0d5f7d97098a6c","hash":"66f3c6e532213c96fe11f7733d04d4930b560df8"}}
,"/mnt/myproj/commerce-ui/src/actions/products.js": {"data":{"path":"/mnt/myproj/commerce-ui/src/actions/products.js","statementMap":{"0":{"start":{"line":4,"column":36},"end":{"line":12,"column":1}},"1":{"start":{"line":5,"column":1},"end":{"line":11,"column":2}},"2":{"start":{"line":6,"column":2},"end":{"line":10,"column":91}},"3":{"start":{"line":8,"column":19},"end":{"line":8,"column":100}},"4":{"start":{"line":9,"column":20},"end":{"line":9,"column":105}}},"fnMap":{"0":{"name":"(anonymous_0)","decl":{"start":{"line":4,"column":36},"end":{"line":4,"column":37}},"loc":{"start":{"line":4,"column":42},"end":{"line":12,"column":1}},"line":4},"1":{"name":"(anonymous_1)","decl":{"start":{"line":5,"column":8},"end":{"line":5,"column":9}},"loc":{"start":{"line":5,"column":32},"end":{"line":11,"column":2}},"line":5},"2":{"name":"(anonymous_2)","decl":{"start":{"line":8,"column":10},"end":{"line":8,"column":11}},"loc":{"start":{"line":8,"column":19},"end":{"line":8,"column":100}},"line":8},"3":{"name":"(anonymous_3)","decl":{"start":{"line":9,"column":11},"end":{"line":9,"column":12}},"loc":{"start":{"line":9,"column":20},"end":{"line":9,"column":105}},"line":9}},"branchMap":{"0":{"loc":{"start":{"line":6,"column":2},"end":{"line":10,"column":90}},"type":"cond-expr","locations":[{"start":{"line":7,"column":5},"end":{"line":9,"column":106}},{"start":{"line":10,"column":5},"end":{"line":10,"column":90}}],"line":6}},"s":{"0":1,"1":1,"2":1,"3":0,"4":0},"f":{"0":1,"1":1,"2":0,"3":0},"b":{"0":[0,1]},"_coverageSchema":"332fd63041d2c1bcb487cc26dd0d5f7d97098a6c","hash":"e1c93ba7238576b678cace6e26e66fb7ef8ecd5a"}}
,"/mnt/myproj/commerce-ui/src/actions/users.js": {"data":{"path":"/mnt/myproj/commerce-ui/src/actions/users.js","statementMap":{"0":{"start":{"line":6,"column":25},"end":{"line":19,"column":1}},"1":{"start":{"line":7,"column":1},"end":{"line":18,"column":2}},"2":{"start":{"line":8,"column":2},"end":{"line":8,"column":44}},"3":{"start":{"line":10,"column":3},"end":{"line":17,"column":79}},"4":{"start":{"line":12,"column":5},"end":{"line":12,"column":63}},"5":{"start":{"line":13,"column":5},"end":{"line":13,"column":68}},"6":{"start":{"line":14,"column":5},"end":{"line":14,"column":70}},"7":{"start":{"line":15,"column":5},"end":{"line":15,"column":25}},"8":{"start":{"line":17,"column":20},"end":{"line":17,"column":78}},"9":{"start":{"line":21,"column":27},"end":{"line":31,"column":1}},"10":{"start":{"line":22,"column":1},"end":{"line":30,"column":2}},"11":{"start":{"line":23,"column":23},"end":{"line":23,"column":57}},"12":{"start":{"line":24,"column":21},"end":{"line":24,"column":62}},"13":{"start":{"line":25,"column":23},"end":{"line":25,"column":62}},"14":{"start":{"line":27,"column":2},"end":{"line":29,"column":7}},"15":{"start":{"line":33,"column":19},"end":{"line":44,"column":1}},"16":{"start":{"line":34,"column":1},"end":{"line":43,"column":2}},"17":{"start":{"line":35,"column":2},"end":{"line":42,"column":10}}},"fnMap":{"0":{"name":"(anonymous_0)","decl":{"start":{"line":6,"column":25},"end":{"line":6,"column":26}},"loc":{"start":{"line":6,"column":37},"end":{"line":19,"column":1}},"line":6},"1":{"name":"(anonymous_1)","decl":{"start":{"line":7,"column":8},"end":{"line":7,"column":9}},"loc":{"start":{"line":7,"column":22},"end":{"line":18,"column":2}},"line":7},"2":{"name":"(anonymous_2)","decl":{"start":{"line":11,"column":10},"end":{"line":11,"column":11}},"loc":{"start":{"line":11,"column":22},"end":{"line":16,"column":5}},"line":11},"3":{"name":"(anonymous_3)","decl":{"start":{"line":17,"column":11},"end":{"line":17,"column":12}},"loc":{"start":{"line":17,"column":20},"end":{"line":17,"column":78}},"line":17},"4":{"name":"(anonymous_4)","decl":{"start":{"line":21,"column":27},"end":{"line":21,"column":28}},"loc":{"start":{"line":21,"column":33},"end":{"line":31,"column":1}},"line":21},"5":{"name":"(anonymous_5)","decl":{"start":{"line":22,"column":8},"end":{"line":22,"column":9}},"loc":{"start":{"line":22,"column":22},"end":{"line":30,"column":2}},"line":22},"6":{"name":"(anonymous_6)","decl":{"start":{"line":33,"column":19},"end":{"line":33,"column":20}},"loc":{"start":{"line":33,"column":25},"end":{"line":44,"column":1}},"line":33},"7":{"name":"(anonymous_7)","decl":{"start":{"line":34,"column":8},"end":{"line":34,"column":9}},"loc":{"start":{"line":34,"column":22},"end":{"line":43,"column":2}},"line":34}},"branchMap":{"0":{"loc":{"start":{"line":27,"column":9},"end":{"line":29,"column":7}},"type":"cond-expr","locations":[{"start":{"line":28,"column":5},"end":{"line":28,"column":94}},{"start":{"line":29,"column":5},"end":{"line":29,"column":7}}],"line":27},"1":{"loc":{"start":{"line":27,"column":10},"end":{"line":27,"column":51}},"type":"binary-expr","locations":[{"start":{"line":27,"column":10},"end":{"line":27,"column":22}},{"start":{"line":27,"column":26},"end":{"line":27,"column":51}}],"line":27},"2":{"loc":{"start":{"line":35,"column":9},"end":{"line":42,"column":9}},"type":"cond-expr","locations":[{"start":{"line":37,"column":4},"end":{"line":41,"column":5}},{"start":{"line":42,"column":6},"end":{"line":42,"column":8}}],"line":35}},"s":{"0":2,"1":2,"2":0,"3":0,"4":0,"5":0,"6":0,"7":0,"8":0,"9":2,"10":0,"11":0,"12":0,"13":0,"14":0,"15":2,"16":0,"17":0},"f":{"0":2,"1":0,"2":0,"3":0,"4":0,"5":0,"6":0,"7":0},"b":{"0":[0,0],"1":[0,0],"2":[0,0]},"_coverageSchema":"332fd63041d2c1bcb487cc26dd0d5f7d97098a6c","hash":"3aa11e50f8b49049780b2609a34765af545ef9c2"}}
,"/mnt/myproj/commerce-ui/src/components/index.js": {"data":{"path":"/mnt/myproj/commerce-ui/src/components/index.js","statementMap":{},"fnMap":{},"branchMap":{},"s":{},"f":{},"b":{},"_coverageSchema":"332fd63041d2c1bcb487cc26dd0d5f7d97098a6c","hash":"998ccc1a641d8bca4c924e3f3b7acab73a1af148"}}
,"/mnt/myproj/commerce-ui/src/components/Common/index.js": {"data":{"path":"/mnt/myproj/commerce-ui/src/components/Common/index.js","statementMap":{},"fnMap":{},"branchMap":{},"s":{},"f":{},"b":{},"_coverageSchema":"332fd63041d2c1bcb487cc26dd0d5f7d97098a6c","hash":"78086bcd0f208a23457a062165282baa8e2fdac7"}}
,"/mnt/myproj/commerce-ui/src/components/Common/Error/index.js": {"data":{"path":"/mnt/myproj/commerce-ui/src/components/Common/Error/index.js","statementMap":{"0":{"start":{"line":5,"column":14},"end":{"line":9,"column":1}},"1":{"start":{"line":6,"column":1},"end":{"line":8,"column":3}}},"fnMap":{"0":{"name":"(anonymous_0)","decl":{"start":{"line":5,"column":14},"end":{"line":5,"column":15}},"loc":{"start":{"line":5,"column":25},"end":{"line":9,"column":1}},"line":5}},"branchMap":{},"s":{"0":2,"1":1},"f":{"0":1},"b":{},"_coverageSchema":"332fd63041d2c1bcb487cc26dd0d5f7d97098a6c","hash":"01ec4b3c155382ea26b525e7cabd1a2533d6d84a"}}
,"/mnt/myproj/commerce-ui/src/components/Common/Error/style.js": {"data":{"path":"/mnt/myproj/commerce-ui/src/components/Common/Error/style.js","statementMap":{"0":{"start":{"line":3,"column":15},"end":{"line":3,"column":17}},"1":{"start":{"line":5,"column":0},"end":{"line":12,"column":2}}},"fnMap":{},"branchMap":{},"s":{"0":2,"1":2},"f":{},"b":{},"_coverageSchema":"332fd63041d2c1bcb487cc26dd0d5f7d97098a6c","hash":"aeba26498169063ee4e088ff6b2db83a1dceaa15"}}
,"/mnt/myproj/commerce-ui/src/components/Common/Form/Button.js": {"data":{"path":"/mnt/myproj/commerce-ui/src/components/Common/Form/Button.js","statementMap":{"0":{"start":{"line":6,"column":15},"end":{"line":20,"column":1}},"1":{"start":{"line":7,"column":2},"end":{"line":19,"column":20}},"2":{"start":{"line":22,"column":0},"end":{"line":28,"column":1}},"3":{"start":{"line":30,"column":0},"end":{"line":35,"column":1}}},"fnMap":{"0":{"name":"(anonymous_0)","decl":{"start":{"line":6,"column":15},"end":{"line":6,"column":16}},"loc":{"start":{"line":7,"column":2},"end":{"line":19,"column":20}},"line":7}},"branchMap":{},"s":{"0":2,"1":15,"2":2,"3":2},"f":{"0":15},"b":{},"_coverageSchema":"332fd63041d2c1bcb487cc26dd0d5f7d97098a6c","hash":"d5534d8b4a9e6b1e5b86c802da114f128c7a20c2"}}
,"/mnt/myproj/commerce-ui/src/components/Common/Form/Input.js": {"data":{"path":"/mnt/myproj/commerce-ui/src/components/Common/Form/Input.js","statementMap":{"0":{"start":{"line":6,"column":14},"end":{"line":25,"column":1}},"1":{"start":{"line":7,"column":2},"end":{"line":24,"column":20}},"2":{"start":{"line":27,"column":0},"end":{"line":39,"column":1}},"3":{"start":{"line":41,"column":0},"end":{"line":47,"column":1}}},"fnMap":{"0":{"name":"(anonymous_0)","decl":{"start":{"line":6,"column":14},"end":{"line":6,"column":15}},"loc":{"start":{"line":7,"column":2},"end":{"line":24,"column":20}},"line":7}},"branchMap":{"0":{"loc":{"start":{"line":9,"column":7},"end":{"line":9,"column":65}},"type":"cond-expr","locations":[{"start":{"line":9,"column":28},"end":{"line":9,"column":60}},{"start":{"line":9,"column":63},"end":{"line":9,"column":65}}],"line":9},"1":{"loc":{"start":{"line":19,"column":5},"end":{"line":23,"column":36}},"type":"cond-expr","locations":[{"start":{"line":20,"column":6},"end":{"line":23,"column":30}},{"start":{"line":23,"column":34},"end":{"line":23,"column":36}}],"line":19}},"s":{"0":2,"1":30,"2":2,"3":2},"f":{"0":30},"b":{"0":[30,0],"1":[12,18]},"_coverageSchema":"332fd63041d2c1bcb487cc26dd0d5f7d97098a6c","hash":"1bb90e1dbd55e4b9db134fea9d4399be53c5b6d8"}}
,"/mnt/myproj/commerce-ui/src/components/Common/Form/style.js": {"data":{"path":"/mnt/myproj/commerce-ui/src/components/Common/Form/style.js","statementMap":{"0":{"start":{"line":3,"column":15},"end":{"line":3,"column":17}},"1":{"start":{"line":5,"column":0},"end":{"line":11,"column":2}},"2":{"start":{"line":13,"column":0},"end":{"line":16,"column":2}},"3":{"start":{"line":18,"column":0},"end":{"line":24,"column":2}},"4":{"start":{"line":26,"column":0},"end":{"line":37,"column":2}},"5":{"start":{"line":31,"column":32},"end":{"line":31,"column":76}},"6":{"start":{"line":39,"column":0},"end":{"line":42,"column":2}},"7":{"start":{"line":44,"column":0},"end":{"line":51,"column":2}},"8":{"start":{"line":53,"column":0},"end":{"line":57,"column":2}},"9":{"start":{"line":59,"column":0},"end":{"line":81,"column":2}},"10":{"start":{"line":75,"column":5},"end":{"line":79,"column":8}}},"fnMap":{"0":{"name":"(anonymous_0)","decl":{"start":{"line":31,"column":23},"end":{"line":31,"column":24}},"loc":{"start":{"line":31,"column":32},"end":{"line":31,"column":76}},"line":31},"1":{"name":"(anonymous_1)","decl":{"start":{"line":74,"column":3},"end":{"line":74,"column":4}},"loc":{"start":{"line":75,"column":5},"end":{"line":79,"column":8}},"line":75}},"branchMap":{"0":{"loc":{"start":{"line":31,"column":32},"end":{"line":31,"column":76}},"type":"cond-expr","locations":[{"start":{"line":31,"column":55},"end":{"line":31,"column":64}},{"start":{"line":31,"column":67},"end":{"line":31,"column":76}}],"line":31},"1":{"loc":{"start":{"line":75,"column":5},"end":{"line":79,"column":8}},"type":"cond-expr","locations":[{"start":{"line":76,"column":6},"end":{"line":78,"column":7}},{"start":{"line":79,"column":6},"end":{"line":79,"column":8}}],"line":75}},"s":{"0":2,"1":2,"2":2,"3":2,"4":2,"5":30,"6":2,"7":2,"8":2,"9":2,"10":15},"f":{"0":30,"1":15},"b":{"0":[12,18],"1":[15,0]},"_coverageSchema":"332fd63041d2c1bcb487cc26dd0d5f7d97098a6c","hash":"37dc3664659d4eee86f4ee01ca75ab56eba289bb"}}
,"/mnt/myproj/commerce-ui/src/components/Common/Link/index.js": {"data":{"path":"/mnt/myproj/commerce-ui/src/components/Common/Link/index.js","statementMap":{"0":{"start":{"line":8,"column":13},"end":{"line":12,"column":1}},"1":{"start":{"line":9,"column":1},"end":{"line":11,"column":3}}},"fnMap":{"0":{"name":"(anonymous_0)","decl":{"start":{"line":8,"column":13},"end":{"line":8,"column":14}},"loc":{"start":{"line":8,"column":24},"end":{"line":12,"column":1}},"line":8}},"branchMap":{},"s":{"0":2,"1":9},"f":{"0":9},"b":{},"_coverageSchema":"332fd63041d2c1bcb487cc26dd0d5f7d97098a6c","hash":"7da91b64b1d25412228c9d4a166d41fc6ad12cbf"}}
,"/mnt/myproj/commerce-ui/src/components/Common/Link/style.js": {"data":{"path":"/mnt/myproj/commerce-ui/src/components/Common/Link/style.js","statementMap":{"0":{"start":{"line":4,"column":15},"end":{"line":4,"column":17}},"1":{"start":{"line":6,"column":0},"end":{"line":13,"column":2}}},"fnMap":{},"branchMap":{},"s":{"0":2,"1":2},"f":{},"b":{},"_coverageSchema":"332fd63041d2c1bcb487cc26dd0d5f7d97098a6c","hash":"bfec79ad30943d00ca2a454434a6d0e4ed42fb4b"}}
,"/mnt/myproj/commerce-ui/src/components/FeaturedProducts/index.js": {"data":{"path":"/mnt/myproj/commerce-ui/src/components/FeaturedProducts/index.js","statementMap":{"0":{"start":{"line":11,"column":2},"end":{"line":11,"column":36}},"1":{"start":{"line":15,"column":27},"end":{"line":15,"column":37}},"2":{"start":{"line":17,"column":2},"end":{"line":30,"column":3}},"3":{"start":{"line":25,"column":7},"end":{"line":25,"column":90}},"4":{"start":{"line":34,"column":17},"end":{"line":41,"column":1}},"5":{"start":{"line":35,"column":20},"end":{"line":35,"column":25}},"6":{"start":{"line":37,"column":1},"end":{"line":40,"column":2}}},"fnMap":{"0":{"name":"(anonymous_0)","decl":{"start":{"line":10,"column":1},"end":{"line":10,"column":2}},"loc":{"start":{"line":10,"column":21},"end":{"line":12,"column":2}},"line":10},"1":{"name":"(anonymous_1)","decl":{"start":{"line":14,"column":1},"end":{"line":14,"column":2}},"loc":{"start":{"line":14,"column":10},"end":{"line":31,"column":2}},"line":14},"2":{"name":"(anonymous_2)","decl":{"start":{"line":24,"column":18},"end":{"line":24,"column":19}},"loc":{"start":{"line":24,"column":35},"end":{"line":26,"column":9}},"line":24},"3":{"name":"(anonymous_3)","decl":{"start":{"line":34,"column":17},"end":{"line":34,"column":18}},"loc":{"start":{"line":34,"column":28},"end":{"line":41,"column":1}},"line":34}},"branchMap":{"0":{"loc":{"start":{"line":21,"column":5},"end":{"line":27,"column":28}},"type":"cond-expr","locations":[{"start":{"line":22,"column":7},"end":{"line":22,"column":20}},{"start":{"line":23,"column":7},"end":{"line":27,"column":28}}],"line":21},"1":{"loc":{"start":{"line":23,"column":7},"end":{"line":27,"column":28}},"type":"cond-expr","locations":[{"start":{"line":24,"column":8},"end":{"line":26,"column":10}},{"start":{"line":27,"column":8},"end":{"line":27,"column":28}}],"line":23}},"s":{"0":1,"1":2,"2":2,"3":0,"4":1,"5":2,"6":2},"f":{"0":1,"1":2,"2":0,"3":2},"b":{"0":[1,1],"1":[0,1]},"_coverageSchema":"332fd63041d2c1bcb487cc26dd0d5f7d97098a6c","hash":"2ff6c7fee4b651abdfb425190123c74fa70281f5"}}
,"/mnt/myproj/commerce-ui/src/components/FeaturedProducts/style.js": {"data":{"path":"/mnt/myproj/commerce-ui/src/components/FeaturedProducts/style.js","statementMap":{"0":{"start":{"line":3,"column":15},"end":{"line":3,"column":17}},"1":{"start":{"line":5,"column":0},"end":{"line":9,"column":2}},"2":{"start":{"line":11,"column":0},"end":{"line":16,"column":2}},"3":{"start":{"line":18,"column":0},"end":{"line":23,"column":2}}},"fnMap":{},"branchMap":{},"s":{"0":1,"1":1,"2":1,"3":1},"f":{},"b":{},"_coverageSchema":"332fd63041d2c1bcb487cc26dd0d5f7d97098a6c","hash":"2e19d9a000c0e1ba24c5e7c5ce60863834c4ffb6"}}
,"/mnt/myproj/commerce-ui/src/components/Footer/index.js": {"data":{"path":"/mnt/myproj/commerce-ui/src/components/Footer/index.js","statementMap":{"0":{"start":{"line":6,"column":15},"end":{"line":21,"column":1}},"1":{"start":{"line":7,"column":12},"end":{"line":7,"column":22}},"2":{"start":{"line":8,"column":12},"end":{"line":8,"column":30}},"3":{"start":{"line":10,"column":1},"end":{"line":20,"column":3}}},"fnMap":{"0":{"name":"(anonymous_0)","decl":{"start":{"line":6,"column":15},"end":{"line":6,"column":16}},"loc":{"start":{"line":6,"column":26},"end":{"line":21,"column":1}},"line":6}},"branchMap":{},"s":{"0":1,"1":1,"2":1,"3":1},"f":{"0":1},"b":{},"_coverageSchema":"332fd63041d2c1bcb487cc26dd0d5f7d97098a6c","hash":"c60deb4f605784e7c5b319db8ea65b4c3ea55ab2"}}
,"/mnt/myproj/commerce-ui/src/components/Footer/style.js": {"data":{"path":"/mnt/myproj/commerce-ui/src/components/Footer/style.js","statementMap":{"0":{"start":{"line":3,"column":15},"end":{"line":3,"column":17}},"1":{"start":{"line":5,"column":0},"end":{"line":12,"column":2}},"2":{"start":{"line":14,"column":0},"end":{"line":18,"column":2}},"3":{"start":{"line":20,"column":0},"end":{"line":25,"column":2}},"4":{"start":{"line":27,"column":0},"end":{"line":29,"column":2}}},"fnMap":{},"branchMap":{},"s":{"0":1,"1":1,"2":1,"3":1,"4":1},"f":{},"b":{},"_coverageSchema":"332fd63041d2c1bcb487cc26dd0d5f7d97098a6c","hash":"8663db80fe0a1495b67fa4a8c919cfb239e3107b"}}
,"/mnt/myproj/commerce-ui/src/components/Header/index.js": {"data":{"path":"/mnt/myproj/commerce-ui/src/components/Header/index.js","statementMap":{"0":{"start":{"line":8,"column":15},"end":{"line":14,"column":21}},"1":{"start":{"line":9,"column":1},"end":{"line":14,"column":21}}},"fnMap":{"0":{"name":"(anonymous_0)","decl":{"start":{"line":8,"column":15},"end":{"line":8,"column":16}},"loc":{"start":{"line":9,"column":1},"end":{"line":14,"column":21}},"line":9}},"branchMap":{},"s":{"0":1,"1":1},"f":{"0":1},"b":{},"_coverageSchema":"332fd63041d2c1bcb487cc26dd0d5f7d97098a6c","hash":"388d487353f809110952607498c78c621fae3243"}}
,"/mnt/myproj/commerce-ui/src/components/Header/style.js": {"data":{"path":"/mnt/myproj/commerce-ui/src/components/Header/style.js","statementMap":{"0":{"start":{"line":3,"column":16},"end":{"line":3,"column":18}},"1":{"start":{"line":5,"column":0},"end":{"line":13,"column":2}}},"fnMap":{},"branchMap":{},"s":{"0":1,"1":1},"f":{},"b":{},"_coverageSchema":"332fd63041d2c1bcb487cc26dd0d5f7d97098a6c","hash":"1a8fa0d148bd9be9c1e8e95eda0b2a9e7e0d2592"}}
,"/mnt/myproj/commerce-ui/src/components/Header/Logonav/index.js": {"data":{"path":"/mnt/myproj/commerce-ui/src/components/Header/Logonav/index.js","statementMap":{"0":{"start":{"line":7,"column":16},"end":{"line":22,"column":22}},"1":{"start":{"line":8,"column":1},"end":{"line":22,"column":22}}},"fnMap":{"0":{"name":"(anonymous_0)","decl":{"start":{"line":7,"column":16},"end":{"line":7,"column":17}},"loc":{"start":{"line":8,"column":1},"end":{"line":22,"column":22}},"line":8}},"branchMap":{"0":{"loc":{"start":{"line":12,"column":4},"end":{"line":19,"column":21}},"type":"cond-expr","locations":[{"start":{"line":13,"column":6},"end":{"line":15,"column":21}},{"start":{"line":16,"column":6},"end":{"line":19,"column":21}}],"line":12}},"s":{"0":1,"1":1},"f":{"0":1},"b":{"0":[0,1]},"_coverageSchema":"332fd63041d2c1bcb487cc26dd0d5f7d97098a6c","hash":"9679a9223f709eff8d94573b3d9fa8cf55c6856f"}}
,"/mnt/myproj/commerce-ui/src/components/Header/Logonav/style.js": {"data":{"path":"/mnt/myproj/commerce-ui/src/components/Header/Logonav/style.js","statementMap":{"0":{"start":{"line":3,"column":15},"end":{"line":3,"column":17}},"1":{"start":{"line":5,"column":0},"end":{"line":9,"column":2}},"2":{"start":{"line":11,"column":0},"end":{"line":14,"column":2}},"3":{"start":{"line":16,"column":0},"end":{"line":18,"column":2}},"4":{"start":{"line":20,"column":0},"end":{"line":25,"column":2}},"5":{"start":{"line":27,"column":0},"end":{"line":30,"column":2}}},"fnMap":{},"branchMap":{},"s":{"0":1,"1":1,"2":1,"3":1,"4":1,"5":1},"f":{},"b":{},"_coverageSchema":"332fd63041d2c1bcb487cc26dd0d5f7d97098a6c","hash":"79c8ef5b37ff5889824959175573f7968fa32724"}}
,"/mnt/myproj/commerce-ui/src/components/Header/Menu/index.js": {"data":{"path":"/mnt/myproj/commerce-ui/src/components/Header/Menu/index.js","statementMap":{"0":{"start":{"line":7,"column":13},"end":{"line":16,"column":19}},"1":{"start":{"line":8,"column":1},"end":{"line":16,"column":19}}},"fnMap":{"0":{"name":"(anonymous_0)","decl":{"start":{"line":7,"column":13},"end":{"line":7,"column":14}},"loc":{"start":{"line":8,"column":1},"end":{"line":16,"column":19}},"line":8}},"branchMap":{},"s":{"0":1,"1":1},"f":{"0":1},"b":{},"_coverageSchema":"332fd63041d2c1bcb487cc26dd0d5f7d97098a6c","hash":"4fed598ec36aa6bb22485a6b851e0b39074cb33f"}}
,"/mnt/myproj/commerce-ui/src/components/Header/Menu/style.js": {"data":{"path":"/mnt/myproj/commerce-ui/src/components/Header/Menu/style.js","statementMap":{"0":{"start":{"line":3,"column":15},"end":{"line":3,"column":17}},"1":{"start":{"line":5,"column":0},"end":{"line":11,"column":2}},"2":{"start":{"line":13,"column":0},"end":{"line":18,"column":2}},"3":{"start":{"line":20,"column":0},"end":{"line":48,"column":2}}},"fnMap":{},"branchMap":{},"s":{"0":1,"1":1,"2":1,"3":1},"f":{},"b":{},"_coverageSchema":"332fd63041d2c1bcb487cc26dd0d5f7d97098a6c","hash":"ffb2e724d9486566de29d5ea46729e5a82311563"}}
,"/mnt/myproj/commerce-ui/src/components/HomeProfile/index.js": {"data":{"path":"/mnt/myproj/commerce-ui/src/components/HomeProfile/index.js","statementMap":{"0":{"start":{"line":5,"column":20},"end":{"line":13,"column":17}},"1":{"start":{"line":6,"column":1},"end":{"line":13,"column":17}}},"fnMap":{"0":{"name":"(anonymous_0)","decl":{"start":{"line":5,"column":20},"end":{"line":5,"column":21}},"loc":{"start":{"line":6,"column":1},"end":{"line":13,"column":17}},"line":6}},"branchMap":{},"s":{"0":1,"1":0},"f":{"0":0},"b":{},"_coverageSchema":"332fd63041d2c1bcb487cc26dd0d5f7d97098a6c","hash":"789e0a3fc7001f5bb718a9b7e11f6e32aa97b958"}}
,"/mnt/myproj/commerce-ui/src/components/HomeProfile/style.js": {"data":{"path":"/mnt/myproj/commerce-ui/src/components/HomeProfile/style.js","statementMap":{"0":{"start":{"line":3,"column":15},"end":{"line":3,"column":17}},"1":{"start":{"line":5,"column":0},"end":{"line":8,"column":2}},"2":{"start":{"line":10,"column":0},"end":{"line":18,"column":2}},"3":{"start":{"line":20,"column":0},"end":{"line":27,"column":2}},"4":{"start":{"line":29,"column":0},"end":{"line":32,"column":2}}},"fnMap":{},"branchMap":{},"s":{"0":1,"1":1,"2":1,"3":1,"4":1},"f":{},"b":{},"_coverageSchema":"332fd63041d2c1bcb487cc26dd0d5f7d97098a6c","hash":"7db5309773394b578e16cd1f4ff4b64ca0bd50e0"}}
,"/mnt/myproj/commerce-ui/src/components/Login/index.js": {"data":{"path":"/mnt/myproj/commerce-ui/src/components/Login/index.js","statementMap":{"0":{"start":{"line":9,"column":2},"end":{"line":9,"column":15}},"1":{"start":{"line":11,"column":2},"end":{"line":19,"column":4}},"2":{"start":{"line":22,"column":20},"end":{"line":22,"column":69}},"3":{"start":{"line":24,"column":21},"end":{"line":24,"column":39}},"4":{"start":{"line":27,"column":2},"end":{"line":27,"column":21}},"5":{"start":{"line":29,"column":17},"end":{"line":32,"column":3}},"6":{"start":{"line":34,"column":2},"end":{"line":36,"column":6}},"7":{"start":{"line":35,"column":9},"end":{"line":35,"column":66}},"8":{"start":{"line":38,"column":23},"end":{"line":38,"column":92}},"9":{"start":{"line":38,"column":67},"end":{"line":38,"column":91}},"10":{"start":{"line":40,"column":5},"end":{"line":45,"column":6}},"11":{"start":{"line":41,"column":7},"end":{"line":41,"column":42}},"12":{"start":{"line":42,"column":7},"end":{"line":42,"column":45}},"13":{"start":{"line":44,"column":7},"end":{"line":44,"column":43}},"14":{"start":{"line":49,"column":21},"end":{"line":49,"column":42}},"15":{"start":{"line":51,"column":2},"end":{"line":86,"column":3}},"16":{"start":{"line":53,"column":4},"end":{"line":53,"column":29}},"17":{"start":{"line":55,"column":4},"end":{"line":65,"column":5}},"18":{"start":{"line":56,"column":5},"end":{"line":64,"column":6}},"19":{"start":{"line":57,"column":23},"end":{"line":57,"column":174}},"20":{"start":{"line":59,"column":8},"end":{"line":61,"column":9}},"21":{"start":{"line":60,"column":9},"end":{"line":60,"column":33}},"22":{"start":{"line":63,"column":6},"end":{"line":63,"column":30}},"23":{"start":{"line":67,"column":4},"end":{"line":67,"column":46}},"24":{"start":{"line":68,"column":4},"end":{"line":68,"column":10}},"25":{"start":{"line":70,"column":4},"end":{"line":70,"column":32}},"26":{"start":{"line":72,"column":4},"end":{"line":80,"column":5}},"27":{"start":{"line":73,"column":5},"end":{"line":79,"column":6}},"28":{"start":{"line":74,"column":6},"end":{"line":76,"column":7}},"29":{"start":{"line":75,"column":7},"end":{"line":75,"column":34}},"30":{"start":{"line":78,"column":6},"end":{"line":78,"column":33}},"31":{"start":{"line":82,"column":4},"end":{"line":82,"column":49}},"32":{"start":{"line":83,"column":4},"end":{"line":83,"column":10}},"33":{"start":{"line":85,"column":4},"end":{"line":85,"column":10}},"34":{"start":{"line":90,"column":2},"end":{"line":113,"column":3}},"35":{"start":{"line":118,"column":17},"end":{"line":125,"column":1}},"36":{"start":{"line":119,"column":19},"end":{"line":119,"column":24}},"37":{"start":{"line":121,"column":1},"end":{"line":124,"column":2}}},"fnMap":{"0":{"name":"(anonymous_0)","decl":{"start":{"line":8,"column":1},"end":{"line":8,"column":2}},"loc":{"start":{"line":8,"column":20},"end":{"line":20,"column":2}},"line":8},"1":{"name":"(anonymous_1)","decl":{"start":{"line":22,"column":15},"end":{"line":22,"column":16}},"loc":{"start":{"line":22,"column":20},"end":{"line":22,"column":69}},"line":22},"2":{"name":"(anonymous_2)","decl":{"start":{"line":24,"column":16},"end":{"line":24,"column":17}},"loc":{"start":{"line":24,"column":21},"end":{"line":24,"column":39}},"line":24},"3":{"name":"(anonymous_3)","decl":{"start":{"line":26,"column":14},"end":{"line":26,"column":15}},"loc":{"start":{"line":26,"column":21},"end":{"line":46,"column":2}},"line":26},"4":{"name":"(anonymous_4)","decl":{"start":{"line":38,"column":62},"end":{"line":38,"column":63}},"loc":{"start":{"line":38,"column":67},"end":{"line":38,"column":91}},"line":38},"5":{"name":"(anonymous_5)","decl":{"start":{"line":48,"column":17},"end":{"line":48,"column":18}},"loc":{"start":{"line":48,"column":52},"end":{"line":87,"column":2}},"line":48},"6":{"name":"(anonymous_6)","decl":{"start":{"line":89,"column":1},"end":{"line":89,"column":2}},"loc":{"start":{"line":89,"column":10},"end":{"line":114,"column":2}},"line":89},"7":{"name":"(anonymous_7)","decl":{"start":{"line":118,"column":17},"end":{"line":118,"column":18}},"loc":{"start":{"line":118,"column":28},"end":{"line":125,"column":1}},"line":118}},"branchMap":{"0":{"loc":{"start":{"line":40,"column":5},"end":{"line":45,"column":6}},"type":"if","locations":[{"start":{"line":40,"column":5},"end":{"line":45,"column":6}},{"start":{"line":40,"column":5},"end":{"line":45,"column":6}}],"line":40},"1":{"loc":{"start":{"line":40,"column":9},"end":{"line":40,"column":67}},"type":"binary-expr","locations":[{"start":{"line":40,"column":9},"end":{"line":40,"column":35}},{"start":{"line":40,"column":39},"end":{"line":40,"column":67}}],"line":40},"2":{"loc":{"start":{"line":48,"column":31},"end":{"line":48,"column":47}},"type":"default-arg","locations":[{"start":{"line":48,"column":42},"end":{"line":48,"column":47}}],"line":48},"3":{"loc":{"start":{"line":51,"column":2},"end":{"line":86,"column":3}},"type":"switch","locations":[{"start":{"line":52,"column":3},"end":{"line":68,"column":10}},{"start":{"line":69,"column":3},"end":{"line":83,"column":10}},{"start":{"line":84,"column":3},"end":{"line":85,"column":10}}],"line":51},"4":{"loc":{"start":{"line":55,"column":4},"end":{"line":65,"column":5}},"type":"if","locations":[{"start":{"line":55,"column":4},"end":{"line":65,"column":5}},{"start":{"line":55,"column":4},"end":{"line":65,"column":5}}],"line":55},"5":{"loc":{"start":{"line":56,"column":5},"end":{"line":64,"column":6}},"type":"if","locations":[{"start":{"line":56,"column":5},"end":{"line":64,"column":6}},{"start":{"line":56,"column":5},"end":{"line":64,"column":6}}],"line":56},"6":{"loc":{"start":{"line":59,"column":8},"end":{"line":61,"column":9}},"type":"if","locations":[{"start":{"line":59,"column":8},"end":{"line":61,"column":9}},{"start":{"line":59,"column":8},"end":{"line":61,"column":9}}],"line":59},"7":{"loc":{"start":{"line":72,"column":4},"end":{"line":80,"column":5}},"type":"if","locations":[{"start":{"line":72,"column":4},"end":{"line":80,"column":5}},{"start":{"line":72,"column":4},"end":{"line":80,"column":5}}],"line":72},"8":{"loc":{"start":{"line":73,"column":5},"end":{"line":79,"column":6}},"type":"if","locations":[{"start":{"line":73,"column":5},"end":{"line":79,"column":6}},{"start":{"line":73,"column":5},"end":{"line":79,"column":6}}],"line":73},"9":{"loc":{"start":{"line":74,"column":6},"end":{"line":76,"column":7}},"type":"if","locations":[{"start":{"line":74,"column":6},"end":{"line":76,"column":7}},{"start":{"line":74,"column":6},"end":{"line":76,"column":7}}],"line":74},"10":{"loc":{"start":{"line":92,"column":5},"end":{"line":92,"column":78}},"type":"cond-expr","locations":[{"start":{"line":92,"column":33},"end":{"line":92,"column":73}},{"start":{"line":92,"column":76},"end":{"line":92,"column":78}}],"line":92}},"s":{"0":3,"1":3,"2":0,"3":6,"4":6,"5":6,"6":6,"7":12,"8":6,"9":12,"10":6,"11":2,"12":2,"13":4,"14":12,"15":12,"16":6,"17":6,"18":6,"19":5,"20":5,"21":1,"22":1,"23":6,"24":6,"25":6,"26":6,"27":6,"28":3,"29":1,"30":3,"31":6,"32":6,"33":0,"34":15,"35":2,"36":0,"37":0},"f":{"0":3,"1":0,"2":6,"3":6,"4":12,"5":12,"6":15,"7":0},"b":{"0":[2,4],"1":[6,6],"2":[0],"3":[6,6,0],"4":[6,0],"5":[5,1],"6":[1,4],"7":[6,0],"8":[3,3],"9":[1,2],"10":[1,14]},"_coverageSchema":"332fd63041d2c1bcb487cc26dd0d5f7d97098a6c","hash":"f882e7714a5d1d79c7b53711494e2b561f6a4f62"}}
,"/mnt/myproj/commerce-ui/src/components/MiniProduct/index.js": {"data":{"path":"/mnt/myproj/commerce-ui/src/components/MiniProduct/index.js","statementMap":{"0":{"start":{"line":9,"column":15},"end":{"line":9,"column":25}},"1":{"start":{"line":11,"column":2},"end":{"line":29,"column":4}},"2":{"start":{"line":18,"column":65},"end":{"line":18,"column":80}}},"fnMap":{"0":{"name":"(anonymous_0)","decl":{"start":{"line":8,"column":1},"end":{"line":8,"column":2}},"loc":{"start":{"line":8,"column":10},"end":{"line":30,"column":2}},"line":8},"1":{"name":"(anonymous_1)","decl":{"start":{"line":18,"column":53},"end":{"line":18,"column":54}},"loc":{"start":{"line":18,"column":65},"end":{"line":18,"column":80}},"line":18}},"branchMap":{"0":{"loc":{"start":{"line":25,"column":5},"end":{"line":27,"column":22}},"type":"cond-expr","locations":[{"start":{"line":26,"column":7},"end":{"line":26,"column":9}},{"start":{"line":27,"column":7},"end":{"line":27,"column":22}}],"line":25}},"s":{"0":0,"1":0,"2":0},"f":{"0":0,"1":0},"b":{"0":[0,0]},"_coverageSchema":"332fd63041d2c1bcb487cc26dd0d5f7d97098a6c","hash":"d41360df0f289664d55a21add79ce6b0354373a8"}}
,"/mnt/myproj/commerce-ui/src/components/MiniProduct/style.js": {"data":{"path":"/mnt/myproj/commerce-ui/src/components/MiniProduct/style.js","statementMap":{"0":{"start":{"line":3,"column":15},"end":{"line":3,"column":17}},"1":{"start":{"line":5,"column":0},"end":{"line":9,"column":2}},"2":{"start":{"line":11,"column":0},"end":{"line":18,"column":2}},"3":{"start":{"line":20,"column":0},"end":{"line":24,"column":2}},"4":{"start":{"line":26,"column":0},"end":{"line":31,"column":2}},"5":{"start":{"line":33,"column":0},"end":{"line":36,"column":2}},"6":{"start":{"line":38,"column":0},"end":{"line":57,"column":2}},"7":{"start":{"line":59,"column":0},"end":{"line":61,"column":2}}},"fnMap":{},"branchMap":{},"s":{"0":1,"1":1,"2":1,"3":1,"4":1,"5":1,"6":1,"7":1},"f":{},"b":{},"_coverageSchema":"332fd63041d2c1bcb487cc26dd0d5f7d97098a6c","hash":"5fe0f755960b5bc723cb3fc3383407f11f982b64"}}
,"/mnt/myproj/commerce-ui/src/libs/productsService.js": {"data":{"path":"/mnt/myproj/commerce-ui/src/libs/productsService.js","statementMap":{"0":{"start":{"line":3,"column":35},"end":{"line":13,"column":1}},"1":{"start":{"line":4,"column":17},"end":{"line":8,"column":2}},"2":{"start":{"line":10,"column":1},"end":{"line":12,"column":45}},"3":{"start":{"line":11,"column":20},"end":{"line":11,"column":51}},"4":{"start":{"line":12,"column":18},"end":{"line":12,"column":43}}},"fnMap":{"0":{"name":"(anonymous_0)","decl":{"start":{"line":3,"column":35},"end":{"line":3,"column":36}},"loc":{"start":{"line":3,"column":41},"end":{"line":13,"column":1}},"line":3},"1":{"name":"(anonymous_1)","decl":{"start":{"line":11,"column":8},"end":{"line":11,"column":9}},"loc":{"start":{"line":11,"column":20},"end":{"line":11,"column":51}},"line":11},"2":{"name":"(anonymous_2)","decl":{"start":{"line":12,"column":9},"end":{"line":12,"column":10}},"loc":{"start":{"line":12,"column":18},"end":{"line":12,"column":43}},"line":12}},"branchMap":{},"s":{"0":1,"1":0,"2":0,"3":0,"4":0},"f":{"0":0,"1":0,"2":0},"b":{},"_coverageSchema":"332fd63041d2c1bcb487cc26dd0d5f7d97098a6c","hash":"4af0b81e04cf0eef5abb1f94e0a22377855c8e4e"}}
,"/mnt/myproj/commerce-ui/src/libs/server.js": {"data":{"path":"/mnt/myproj/commerce-ui/src/libs/server.js","statementMap":{"0":{"start":{"line":4,"column":23},"end":{"line":4,"column":46}},"1":{"start":{"line":5,"column":16},"end":{"line":5,"column":50}},"2":{"start":{"line":6,"column":22},"end":{"line":6,"column":47}},"3":{"start":{"line":7,"column":29},"end":{"line":7,"column":32}},"4":{"start":{"line":9,"column":15},"end":{"line":9,"column":17}},"5":{"start":{"line":11,"column":0},"end":{"line":19,"column":1}},"6":{"start":{"line":12,"column":22},"end":{"line":12,"column":56}},"7":{"start":{"line":13,"column":20},"end":{"line":13,"column":61}},"8":{"start":{"line":14,"column":22},"end":{"line":14,"column":61}},"9":{"start":{"line":16,"column":1},"end":{"line":16,"column":85}},"10":{"start":{"line":18,"column":1},"end":{"line":18,"column":16}},"11":{"start":{"line":21,"column":0},"end":{"line":27,"column":3}},"12":{"start":{"line":29,"column":0},"end":{"line":33,"column":1}},"13":{"start":{"line":30,"column":1},"end":{"line":32,"column":76}},"14":{"start":{"line":35,"column":0},"end":{"line":43,"column":1}},"15":{"start":{"line":36,"column":15},"end":{"line":38,"column":17}},"16":{"start":{"line":40,"column":14},"end":{"line":40,"column":125}},"17":{"start":{"line":42,"column":1},"end":{"line":42,"column":42}}},"fnMap":{"0":{"name":"(anonymous_0)","decl":{"start":{"line":11,"column":18},"end":{"line":11,"column":19}},"loc":{"start":{"line":11,"column":31},"end":{"line":19,"column":1}},"line":11},"1":{"name":"(anonymous_1)","decl":{"start":{"line":29,"column":24},"end":{"line":29,"column":25}},"loc":{"start":{"line":29,"column":38},"end":{"line":33,"column":1}},"line":29},"2":{"name":"(anonymous_2)","decl":{"start":{"line":35,"column":21},"end":{"line":35,"column":22}},"loc":{"start":{"line":35,"column":32},"end":{"line":43,"column":1}},"line":35}},"branchMap":{"0":{"loc":{"start":{"line":16,"column":37},"end":{"line":16,"column":84}},"type":"cond-expr","locations":[{"start":{"line":16,"column":67},"end":{"line":16,"column":79}},{"start":{"line":16,"column":82},"end":{"line":16,"column":84}}],"line":16},"1":{"loc":{"start":{"line":30,"column":8},"end":{"line":32,"column":75}},"type":"cond-expr","locations":[{"start":{"line":31,"column":4},"end":{"line":31,"column":22}},{"start":{"line":32,"column":4},"end":{"line":32,"column":75}}],"line":30},"2":{"loc":{"start":{"line":36,"column":15},"end":{"line":38,"column":17}},"type":"cond-expr","locations":[{"start":{"line":37,"column":4},"end":{"line":37,"column":31}},{"start":{"line":38,"column":4},"end":{"line":38,"column":17}}],"line":36},"3":{"loc":{"start":{"line":36,"column":16},"end":{"line":36,"column":84}},"type":"binary-expr","locations":[{"start":{"line":36,"column":16},"end":{"line":36,"column":30}},{"start":{"line":36,"column":34},"end":{"line":36,"column":53}},{"start":{"line":36,"column":57},"end":{"line":36,"column":84}}],"line":36},"4":{"loc":{"start":{"line":40,"column":14},"end":{"line":40,"column":125}},"type":"cond-expr","locations":[{"start":{"line":40,"column":81},"end":{"line":40,"column":102}},{"start":{"line":40,"column":105},"end":{"line":40,"column":125}}],"line":40},"5":{"loc":{"start":{"line":40,"column":15},"end":{"line":40,"column":54}},"type":"binary-expr","locations":[{"start":{"line":40,"column":15},"end":{"line":40,"column":29}},{"start":{"line":40,"column":33},"end":{"line":40,"column":54}}],"line":40}},"s":{"0":2,"1":2,"2":2,"3":2,"4":2,"5":2,"6":0,"7":0,"8":0,"9":0,"10":0,"11":2,"12":2,"13":0,"14":2,"15":0,"16":0,"17":0},"f":{"0":0,"1":0,"2":0},"b":{"0":[0,0],"1":[0,0],"2":[0,0],"3":[0,0,0],"4":[0,0],"5":[0,0]},"_coverageSchema":"332fd63041d2c1bcb487cc26dd0d5f7d97098a6c","hash":"df668c62f7678ea1edb27639d3be782fc9c2d7bf"}}
,"/mnt/myproj/commerce-ui/src/libs/usersService.js": {"data":{"path":"/mnt/myproj/commerce-ui/src/libs/usersService.js","statementMap":{"0":{"start":{"line":3,"column":33},"end":{"line":14,"column":1}},"1":{"start":{"line":4,"column":17},"end":{"line":9,"column":2}},"2":{"start":{"line":11,"column":1},"end":{"line":13,"column":45}},"3":{"start":{"line":12,"column":20},"end":{"line":12,"column":51}},"4":{"start":{"line":13,"column":18},"end":{"line":13,"column":43}}},"fnMap":{"0":{"name":"(anonymous_0)","decl":{"start":{"line":3,"column":33},"end":{"line":3,"column":34}},"loc":{"start":{"line":3,"column":45},"end":{"line":14,"column":1}},"line":3},"1":{"name":"(anonymous_1)","decl":{"start":{"line":12,"column":8},"end":{"line":12,"column":9}},"loc":{"start":{"line":12,"column":20},"end":{"line":12,"column":51}},"line":12},"2":{"name":"(anonymous_2)","decl":{"start":{"line":13,"column":9},"end":{"line":13,"column":10}},"loc":{"start":{"line":13,"column":18},"end":{"line":13,"column":43}},"line":13}},"branchMap":{},"s":{"0":2,"1":0,"2":0,"3":0,"4":0},"f":{"0":0,"1":0,"2":0},"b":{},"_coverageSchema":"332fd63041d2c1bcb487cc26dd0d5f7d97098a6c","hash":"71bd42963944a1f7ac5513b65af49173af940666"}}
,"/mnt/myproj/commerce-ui/src/pages/Cart/index.js": {"data":{"path":"/mnt/myproj/commerce-ui/src/pages/Cart/index.js","statementMap":{"0":{"start":{"line":10,"column":2},"end":{"line":14,"column":3}},"1":{"start":{"line":18,"column":17},"end":{"line":22,"column":1}},"2":{"start":{"line":19,"column":1},"end":{"line":21,"column":2}}},"fnMap":{"0":{"name":"(anonymous_0)","decl":{"start":{"line":9,"column":1},"end":{"line":9,"column":2}},"loc":{"start":{"line":9,"column":10},"end":{"line":15,"column":2}},"line":9},"1":{"name":"(anonymous_1)","decl":{"start":{"line":18,"column":17},"end":{"line":18,"column":18}},"loc":{"start":{"line":18,"column":28},"end":{"line":22,"column":1}},"line":18}},"branchMap":{},"s":{"0":0,"1":1,"2":0},"f":{"0":0,"1":0},"b":{},"_coverageSchema":"332fd63041d2c1bcb487cc26dd0d5f7d97098a6c","hash":"bf47dfd3f187ddd243e6997f9a3eb608efc55ee2"}}
,"/mnt/myproj/commerce-ui/src/pages/Cart/style.js": {"data":{"path":"/mnt/myproj/commerce-ui/src/pages/Cart/style.js","statementMap":{"0":{"start":{"line":3,"column":15},"end":{"line":3,"column":17}},"1":{"start":{"line":5,"column":0},"end":{"line":8,"column":2}},"2":{"start":{"line":10,"column":0},"end":{"line":12,"column":2}},"3":{"start":{"line":14,"column":0},"end":{"line":17,"column":2}},"4":{"start":{"line":19,"column":0},"end":{"line":22,"column":2}},"5":{"start":{"line":23,"column":0},"end":{"line":25,"column":2}}},"fnMap":{},"branchMap":{},"s":{"0":1,"1":1,"2":1,"3":1,"4":1,"5":1},"f":{},"b":{},"_coverageSchema":"332fd63041d2c1bcb487cc26dd0d5f7d97098a6c","hash":"05963554baf0260b15d45fa4154627fb0fa0e660"}}
,"/mnt/myproj/commerce-ui/src/pages/Home/index.js": {"data":{"path":"/mnt/myproj/commerce-ui/src/pages/Home/index.js","statementMap":{"0":{"start":{"line":10,"column":2},"end":{"line":25,"column":3}},"1":{"start":{"line":29,"column":17},"end":{"line":34,"column":1}},"2":{"start":{"line":30,"column":19},"end":{"line":30,"column":24}},"3":{"start":{"line":31,"column":1},"end":{"line":33,"column":2}}},"fnMap":{"0":{"name":"(anonymous_0)","decl":{"start":{"line":9,"column":1},"end":{"line":9,"column":2}},"loc":{"start":{"line":9,"column":10},"end":{"line":26,"column":2}},"line":9},"1":{"name":"(anonymous_1)","decl":{"start":{"line":29,"column":17},"end":{"line":29,"column":18}},"loc":{"start":{"line":29,"column":28},"end":{"line":34,"column":1}},"line":29}},"branchMap":{"0":{"loc":{"start":{"line":13,"column":6},"end":{"line":15,"column":49}},"type":"cond-expr","locations":[{"start":{"line":14,"column":8},"end":{"line":14,"column":23}},{"start":{"line":15,"column":8},"end":{"line":15,"column":49}}],"line":13}},"s":{"0":1,"1":1,"2":2,"3":2},"f":{"0":1,"1":2},"b":{"0":[0,1]},"_coverageSchema":"332fd63041d2c1bcb487cc26dd0d5f7d97098a6c","hash":"fb9440f764d8b69a9c4d219c02305391946d2556"}}
,"/mnt/myproj/commerce-ui/src/pages/Home/style.js": {"data":{"path":"/mnt/myproj/commerce-ui/src/pages/Home/style.js","statementMap":{"0":{"start":{"line":3,"column":15},"end":{"line":3,"column":17}},"1":{"start":{"line":5,"column":0},"end":{"line":8,"column":2}},"2":{"start":{"line":10,"column":0},"end":{"line":13,"column":2}},"3":{"start":{"line":15,"column":0},"end":{"line":18,"column":2}},"4":{"start":{"line":20,"column":0},"end":{"line":23,"column":2}},"5":{"start":{"line":24,"column":0},"end":{"line":26,"column":2}}},"fnMap":{},"branchMap":{},"s":{"0":1,"1":1,"2":1,"3":1,"4":1,"5":1},"f":{},"b":{},"_coverageSchema":"332fd63041d2c1bcb487cc26dd0d5f7d97098a6c","hash":"43c7f33a756992f177504e5899ec5e5cac5be13a"}}
,"/mnt/myproj/commerce-ui/src/pages/Logout/index.js": {"data":{"path":"/mnt/myproj/commerce-ui/src/pages/Logout/index.js","statementMap":{"0":{"start":{"line":8,"column":2},"end":{"line":8,"column":26}},"1":{"start":{"line":11,"column":2},"end":{"line":11,"column":12}},"2":{"start":{"line":16,"column":17},"end":{"line":22,"column":1}},"3":{"start":{"line":17,"column":19},"end":{"line":17,"column":24}},"4":{"start":{"line":19,"column":1},"end":{"line":21,"column":2}}},"fnMap":{"0":{"name":"(anonymous_0)","decl":{"start":{"line":7,"column":1},"end":{"line":7,"column":2}},"loc":{"start":{"line":7,"column":22},"end":{"line":9,"column":2}},"line":7},"1":{"name":"(anonymous_1)","decl":{"start":{"line":10,"column":1},"end":{"line":10,"column":2}},"loc":{"start":{"line":10,"column":10},"end":{"line":12,"column":2}},"line":10},"2":{"name":"(anonymous_2)","decl":{"start":{"line":16,"column":17},"end":{"line":16,"column":18}},"loc":{"start":{"line":16,"column":28},"end":{"line":22,"column":1}},"line":16}},"branchMap":{},"s":{"0":0,"1":0,"2":1,"3":0,"4":0},"f":{"0":0,"1":0,"2":0},"b":{},"_coverageSchema":"332fd63041d2c1bcb487cc26dd0d5f7d97098a6c","hash":"88ecc092647f8e36050e4d855cf6cafa341a365d"}}
,"/mnt/myproj/commerce-ui/src/pages/NotFound/index.js": {"data":{"path":"/mnt/myproj/commerce-ui/src/pages/NotFound/index.js","statementMap":{"0":{"start":{"line":6,"column":2},"end":{"line":8,"column":3}},"1":{"start":{"line":12,"column":17},"end":{"line":16,"column":1}},"2":{"start":{"line":13,"column":1},"end":{"line":15,"column":2}}},"fnMap":{"0":{"name":"(anonymous_0)","decl":{"start":{"line":5,"column":1},"end":{"line":5,"column":2}},"loc":{"start":{"line":5,"column":10},"end":{"line":9,"column":2}},"line":5},"1":{"name":"(anonymous_1)","decl":{"start":{"line":12,"column":17},"end":{"line":12,"column":18}},"loc":{"start":{"line":12,"column":28},"end":{"line":16,"column":1}},"line":12}},"branchMap":{},"s":{"0":0,"1":1,"2":0},"f":{"0":0,"1":0},"b":{},"_coverageSchema":"332fd63041d2c1bcb487cc26dd0d5f7d97098a6c","hash":"49d51d9ef4064075fa17aec7c1af9005e41f50b6"}}
,"/mnt/myproj/commerce-ui/src/pages/Orders/index.js": {"data":{"path":"/mnt/myproj/commerce-ui/src/pages/Orders/index.js","statementMap":{"0":{"start":{"line":10,"column":2},"end":{"line":14,"column":3}},"1":{"start":{"line":18,"column":17},"end":{"line":22,"column":1}},"2":{"start":{"line":19,"column":1},"end":{"line":21,"column":2}}},"fnMap":{"0":{"name":"(anonymous_0)","decl":{"start":{"line":9,"column":1},"end":{"line":9,"column":2}},"loc":{"start":{"line":9,"column":10},"end":{"line":15,"column":2}},"line":9},"1":{"name":"(anonymous_1)","decl":{"start":{"line":18,"column":17},"end":{"line":18,"column":18}},"loc":{"start":{"line":18,"column":28},"end":{"line":22,"column":1}},"line":18}},"branchMap":{},"s":{"0":0,"1":1,"2":0},"f":{"0":0,"1":0},"b":{},"_coverageSchema":"332fd63041d2c1bcb487cc26dd0d5f7d97098a6c","hash":"d24ec5b4874deae3f13129df7201baafd703c5fc"}}
,"/mnt/myproj/commerce-ui/src/pages/Orders/style.js": {"data":{"path":"/mnt/myproj/commerce-ui/src/pages/Orders/style.js","statementMap":{"0":{"start":{"line":3,"column":15},"end":{"line":3,"column":17}},"1":{"start":{"line":5,"column":0},"end":{"line":8,"column":2}},"2":{"start":{"line":10,"column":0},"end":{"line":12,"column":2}},"3":{"start":{"line":14,"column":0},"end":{"line":17,"column":2}},"4":{"start":{"line":19,"column":0},"end":{"line":22,"column":2}},"5":{"start":{"line":23,"column":0},"end":{"line":25,"column":2}}},"fnMap":{},"branchMap":{},"s":{"0":1,"1":1,"2":1,"3":1,"4":1,"5":1},"f":{},"b":{},"_coverageSchema":"332fd63041d2c1bcb487cc26dd0d5f7d97098a6c","hash":"4c033e30afdd345c18261868bef4d4dd6ef4827a"}}
,"/mnt/myproj/commerce-ui/src/pages/ProductDetail/index.js": {"data":{"path":"/mnt/myproj/commerce-ui/src/pages/ProductDetail/index.js","statementMap":{"0":{"start":{"line":10,"column":2},"end":{"line":14,"column":3}},"1":{"start":{"line":18,"column":17},"end":{"line":22,"column":1}},"2":{"start":{"line":19,"column":1},"end":{"line":21,"column":2}}},"fnMap":{"0":{"name":"(anonymous_0)","decl":{"start":{"line":9,"column":1},"end":{"line":9,"column":2}},"loc":{"start":{"line":9,"column":10},"end":{"line":15,"column":2}},"line":9},"1":{"name":"(anonymous_1)","decl":{"start":{"line":18,"column":17},"end":{"line":18,"column":18}},"loc":{"start":{"line":18,"column":28},"end":{"line":22,"column":1}},"line":18}},"branchMap":{},"s":{"0":0,"1":1,"2":0},"f":{"0":0,"1":0},"b":{},"_coverageSchema":"332fd63041d2c1bcb487cc26dd0d5f7d97098a6c","hash":"0f0dd9fc356479a334f11c4d2ecc0e56e15de487"}}
,"/mnt/myproj/commerce-ui/src/pages/ProductDetail/style.js": {"data":{"path":"/mnt/myproj/commerce-ui/src/pages/ProductDetail/style.js","statementMap":{"0":{"start":{"line":3,"column":15},"end":{"line":3,"column":17}},"1":{"start":{"line":5,"column":0},"end":{"line":8,"column":2}},"2":{"start":{"line":10,"column":0},"end":{"line":12,"column":2}},"3":{"start":{"line":14,"column":0},"end":{"line":17,"column":2}},"4":{"start":{"line":19,"column":0},"end":{"line":22,"column":2}},"5":{"start":{"line":23,"column":0},"end":{"line":25,"column":2}}},"fnMap":{},"branchMap":{},"s":{"0":1,"1":1,"2":1,"3":1,"4":1,"5":1},"f":{},"b":{},"_coverageSchema":"332fd63041d2c1bcb487cc26dd0d5f7d97098a6c","hash":"7e279b36bdb609776e0d24e232a1767000204dd8"}}
,"/mnt/myproj/commerce-ui/src/pages/Products/index.js": {"data":{"path":"/mnt/myproj/commerce-ui/src/pages/Products/index.js","statementMap":{"0":{"start":{"line":10,"column":2},"end":{"line":14,"column":3}},"1":{"start":{"line":18,"column":17},"end":{"line":22,"column":1}},"2":{"start":{"line":19,"column":1},"end":{"line":21,"column":2}}},"fnMap":{"0":{"name":"(anonymous_0)","decl":{"start":{"line":9,"column":1},"end":{"line":9,"column":2}},"loc":{"start":{"line":9,"column":10},"end":{"line":15,"column":2}},"line":9},"1":{"name":"(anonymous_1)","decl":{"start":{"line":18,"column":17},"end":{"line":18,"column":18}},"loc":{"start":{"line":18,"column":28},"end":{"line":22,"column":1}},"line":18}},"branchMap":{},"s":{"0":0,"1":1,"2":0},"f":{"0":0,"1":0},"b":{},"_coverageSchema":"332fd63041d2c1bcb487cc26dd0d5f7d97098a6c","hash":"29214283afe3cd7bf7078e430a240d9381ecc39c"}}
,"/mnt/myproj/commerce-ui/src/pages/Products/style.js": {"data":{"path":"/mnt/myproj/commerce-ui/src/pages/Products/style.js","statementMap":{"0":{"start":{"line":3,"column":15},"end":{"line":3,"column":17}},"1":{"start":{"line":5,"column":0},"end":{"line":8,"column":2}},"2":{"start":{"line":10,"column":0},"end":{"line":12,"column":2}},"3":{"start":{"line":14,"column":0},"end":{"line":17,"column":2}},"4":{"start":{"line":19,"column":0},"end":{"line":22,"column":2}},"5":{"start":{"line":23,"column":0},"end":{"line":25,"column":2}}},"fnMap":{},"branchMap":{},"s":{"0":1,"1":1,"2":1,"3":1,"4":1,"5":1},"f":{},"b":{},"_coverageSchema":"332fd63041d2c1bcb487cc26dd0d5f7d97098a6c","hash":"9c00b9f438412edf5013a51d33da9e1830340e69"}}
,"/mnt/myproj/commerce-ui/src/pages/Search/index.js": {"data":{"path":"/mnt/myproj/commerce-ui/src/pages/Search/index.js","statementMap":{"0":{"start":{"line":10,"column":2},"end":{"line":14,"column":3}},"1":{"start":{"line":18,"column":17},"end":{"line":22,"column":1}},"2":{"start":{"line":19,"column":1},"end":{"line":21,"column":2}}},"fnMap":{"0":{"name":"(anonymous_0)","decl":{"start":{"line":9,"column":1},"end":{"line":9,"column":2}},"loc":{"start":{"line":9,"column":10},"end":{"line":15,"column":2}},"line":9},"1":{"name":"(anonymous_1)","decl":{"start":{"line":18,"column":17},"end":{"line":18,"column":18}},"loc":{"start":{"line":18,"column":28},"end":{"line":22,"column":1}},"line":18}},"branchMap":{},"s":{"0":0,"1":1,"2":0},"f":{"0":0,"1":0},"b":{},"_coverageSchema":"332fd63041d2c1bcb487cc26dd0d5f7d97098a6c","hash":"433a6fd24ae2166b0af684258bbc4f6a21880e40"}}
,"/mnt/myproj/commerce-ui/src/pages/Search/style.js": {"data":{"path":"/mnt/myproj/commerce-ui/src/pages/Search/style.js","statementMap":{"0":{"start":{"line":3,"column":15},"end":{"line":3,"column":17}},"1":{"start":{"line":5,"column":0},"end":{"line":8,"column":2}},"2":{"start":{"line":10,"column":0},"end":{"line":12,"column":2}},"3":{"start":{"line":14,"column":0},"end":{"line":17,"column":2}},"4":{"start":{"line":19,"column":0},"end":{"line":22,"column":2}},"5":{"start":{"line":23,"column":0},"end":{"line":25,"column":2}}},"fnMap":{},"branchMap":{},"s":{"0":1,"1":1,"2":1,"3":1,"4":1,"5":1},"f":{},"b":{},"_coverageSchema":"332fd63041d2c1bcb487cc26dd0d5f7d97098a6c","hash":"4db188a9eb861c021bc5fce1e4f23c65cab0a2e4"}}
,"/mnt/myproj/commerce-ui/src/pages/SignIn/index.js": {"data":{"path":"/mnt/myproj/commerce-ui/src/pages/SignIn/index.js","statementMap":{"0":{"start":{"line":10,"column":2},"end":{"line":17,"column":3}},"1":{"start":{"line":21,"column":17},"end":{"line":25,"column":1}},"2":{"start":{"line":22,"column":1},"end":{"line":24,"column":2}}},"fnMap":{"0":{"name":"(anonymous_0)","decl":{"start":{"line":9,"column":1},"end":{"line":9,"column":2}},"loc":{"start":{"line":9,"column":10},"end":{"line":18,"column":2}},"line":9},"1":{"name":"(anonymous_1)","decl":{"start":{"line":21,"column":17},"end":{"line":21,"column":18}},"loc":{"start":{"line":21,"column":28},"end":{"line":25,"column":1}},"line":21}},"branchMap":{},"s":{"0":0,"1":1,"2":0},"f":{"0":0,"1":0},"b":{},"_coverageSchema":"332fd63041d2c1bcb487cc26dd0d5f7d97098a6c","hash":"8e75e2d2616c1811c16bab654ba71cad7396a018"}}
,"/mnt/myproj/commerce-ui/src/pages/SignIn/style.js": {"data":{"path":"/mnt/myproj/commerce-ui/src/pages/SignIn/style.js","statementMap":{"0":{"start":{"line":3,"column":15},"end":{"line":3,"column":17}},"1":{"start":{"line":5,"column":0},"end":{"line":9,"column":2}},"2":{"start":{"line":11,"column":0},"end":{"line":15,"column":2}},"3":{"start":{"line":17,"column":0},"end":{"line":25,"column":2}}},"fnMap":{},"branchMap":{},"s":{"0":1,"1":1,"2":1,"3":1},"f":{},"b":{},"_coverageSchema":"332fd63041d2c1bcb487cc26dd0d5f7d97098a6c","hash":"2f8f403a54ed6aaf6b636f4fb75f4e660cb65101"}}
,"/mnt/myproj/commerce-ui/src/partials/FooterPartial.js": {"data":{"path":"/mnt/myproj/commerce-ui/src/partials/FooterPartial.js","statementMap":{"0":{"start":{"line":5,"column":22},"end":{"line":9,"column":1}},"1":{"start":{"line":6,"column":1},"end":{"line":8,"column":3}}},"fnMap":{"0":{"name":"(anonymous_0)","decl":{"start":{"line":5,"column":22},"end":{"line":5,"column":23}},"loc":{"start":{"line":5,"column":28},"end":{"line":9,"column":1}},"line":5}},"branchMap":{},"s":{"0":1,"1":1},"f":{"0":1},"b":{},"_coverageSchema":"332fd63041d2c1bcb487cc26dd0d5f7d97098a6c","hash":"d7e602411c00a0dc67e10119dd8d0f181bcfd008"}}
,"/mnt/myproj/commerce-ui/src/partials/HeaderPartial.js": {"data":{"path":"/mnt/myproj/commerce-ui/src/partials/HeaderPartial.js","statementMap":{"0":{"start":{"line":13,"column":2},"end":{"line":19,"column":4}},"1":{"start":{"line":23,"column":17},"end":{"line":30,"column":1}},"2":{"start":{"line":24,"column":27},"end":{"line":24,"column":32}},"3":{"start":{"line":26,"column":1},"end":{"line":29,"column":2}},"4":{"start":{"line":32,"column":32},"end":{"line":32,"column":47}}},"fnMap":{"0":{"name":"(anonymous_0)","decl":{"start":{"line":8,"column":1},"end":{"line":8,"column":2}},"loc":{"start":{"line":8,"column":22},"end":{"line":10,"column":2}},"line":8},"1":{"name":"(anonymous_1)","decl":{"start":{"line":12,"column":1},"end":{"line":12,"column":2}},"loc":{"start":{"line":12,"column":10},"end":{"line":20,"column":2}},"line":12},"2":{"name":"(anonymous_2)","decl":{"start":{"line":23,"column":17},"end":{"line":23,"column":18}},"loc":{"start":{"line":23,"column":28},"end":{"line":30,"column":1}},"line":23},"3":{"name":"(anonymous_3)","decl":{"start":{"line":32,"column":23},"end":{"line":32,"column":24}},"loc":{"start":{"line":32,"column":32},"end":{"line":32,"column":47}},"line":32}},"branchMap":{},"s":{"0":1,"1":1,"2":2,"3":2,"4":2},"f":{"0":1,"1":1,"2":2,"3":2},"b":{},"_coverageSchema":"332fd63041d2c1bcb487cc26dd0d5f7d97098a6c","hash":"06906109f9981db22c6018e0edd325a5fa41c50e"}}
,"/mnt/myproj/commerce-ui/src/reducers/index.js": {"data":{"path":"/mnt/myproj/commerce-ui/src/reducers/index.js","statementMap":{},"fnMap":{},"branchMap":{},"s":{},"f":{},"b":{},"_coverageSchema":"332fd63041d2c1bcb487cc26dd0d5f7d97098a6c","hash":"87faaabc738e2612ffb071855d60f20b60f567c4"}}
,"/mnt/myproj/commerce-ui/src/reducers/header/index.js": {"data":{"path":"/mnt/myproj/commerce-ui/src/reducers/header/index.js","statementMap":{},"fnMap":{},"branchMap":{},"s":{},"f":{},"b":{},"_coverageSchema":"332fd63041d2c1bcb487cc26dd0d5f7d97098a6c","hash":"68e93bfa94ad280dc3c9980d7545088750d0c453"}}
,"/mnt/myproj/commerce-ui/src/reducers/header/logo.js": {"data":{"path":"/mnt/myproj/commerce-ui/src/reducers/header/logo.js","statementMap":{"0":{"start":{"line":1,"column":21},"end":{"line":8,"column":1}},"1":{"start":{"line":11,"column":1},"end":{"line":14,"column":2}},"2":{"start":{"line":13,"column":3},"end":{"line":13,"column":16}}},"fnMap":{"0":{"name":"(anonymous_0)","decl":{"start":{"line":10,"column":15},"end":{"line":10,"column":16}},"loc":{"start":{"line":10,"column":54},"end":{"line":15,"column":1}},"line":10}},"branchMap":{"0":{"loc":{"start":{"line":10,"column":24},"end":{"line":10,"column":44}},"type":"default-arg","locations":[{"start":{"line":10,"column":32},"end":{"line":10,"column":44}}],"line":10},"1":{"loc":{"start":{"line":11,"column":1},"end":{"line":14,"column":2}},"type":"switch","locations":[{"start":{"line":12,"column":2},"end":{"line":13,"column":16}}],"line":11}},"s":{"0":1,"1":6,"2":6},"f":{"0":6},"b":{"0":[5],"1":[6]},"_coverageSchema":"332fd63041d2c1bcb487cc26dd0d5f7d97098a6c","hash":"b43ddfbc845aa49d8d2891dd9a227326250fbce2"}}
,"/mnt/myproj/commerce-ui/src/reducers/products/featured.js": {"data":{"path":"/mnt/myproj/commerce-ui/src/reducers/products/featured.js","statementMap":{"0":{"start":{"line":3,"column":21},"end":{"line":6,"column":1}},"1":{"start":{"line":9,"column":1},"end":{"line":14,"column":2}},"2":{"start":{"line":11,"column":3},"end":{"line":11,"column":37}},"3":{"start":{"line":13,"column":3},"end":{"line":13,"column":16}}},"fnMap":{"0":{"name":"(anonymous_0)","decl":{"start":{"line":8,"column":15},"end":{"line":8,"column":16}},"loc":{"start":{"line":8,"column":54},"end":{"line":15,"column":1}},"line":8}},"branchMap":{"0":{"loc":{"start":{"line":8,"column":24},"end":{"line":8,"column":44}},"type":"default-arg","locations":[{"start":{"line":8,"column":32},"end":{"line":8,"column":44}}],"line":8},"1":{"loc":{"start":{"line":9,"column":1},"end":{"line":14,"column":2}},"type":"switch","locations":[{"start":{"line":10,"column":2},"end":{"line":11,"column":37}},{"start":{"line":12,"column":2},"end":{"line":13,"column":16}}],"line":9}},"s":{"0":1,"1":6,"2":1,"3":5},"f":{"0":6},"b":{"0":[5],"1":[1,5]},"_coverageSchema":"332fd63041d2c1bcb487cc26dd0d5f7d97098a6c","hash":"7ed5c2115206add902cc2cf22fc3779e8ba225b8"}}
,"/mnt/myproj/commerce-ui/src/reducers/products/index.js": {"data":{"path":"/mnt/myproj/commerce-ui/src/reducers/products/index.js","statementMap":{},"fnMap":{},"branchMap":{},"s":{},"f":{},"b":{},"_coverageSchema":"332fd63041d2c1bcb487cc26dd0d5f7d97098a6c","hash":"0268a071c266f3252b01c5f8925ae1d09dfb9c6d"}}
,"/mnt/myproj/commerce-ui/src/reducers/session/index.js": {"data":{"path":"/mnt/myproj/commerce-ui/src/reducers/session/index.js","statementMap":{},"fnMap":{},"branchMap":{},"s":{},"f":{},"b":{},"_coverageSchema":"332fd63041d2c1bcb487cc26dd0d5f7d97098a6c","hash":"b0305dd16abd9a227d86d84dc994716e705b77aa"}}
,"/mnt/myproj/commerce-ui/src/reducers/session/user.js": {"data":{"path":"/mnt/myproj/commerce-ui/src/reducers/session/user.js","statementMap":{"0":{"start":{"line":3,"column":21},"end":{"line":10,"column":1}},"1":{"start":{"line":13,"column":1},"end":{"line":36,"column":2}},"2":{"start":{"line":15,"column":3},"end":{"line":19,"column":5}},"3":{"start":{"line":21,"column":3},"end":{"line":21,"column":33}},"4":{"start":{"line":23,"column":3},"end":{"line":29,"column":5}},"5":{"start":{"line":31,"column":3},"end":{"line":31,"column":56}},"6":{"start":{"line":33,"column":3},"end":{"line":33,"column":28}},"7":{"start":{"line":35,"column":3},"end":{"line":35,"column":16}}},"fnMap":{"0":{"name":"(anonymous_0)","decl":{"start":{"line":12,"column":15},"end":{"line":12,"column":16}},"loc":{"start":{"line":12,"column":54},"end":{"line":37,"column":1}},"line":12}},"branchMap":{"0":{"loc":{"start":{"line":12,"column":24},"end":{"line":12,"column":44}},"type":"default-arg","locations":[{"start":{"line":12,"column":32},"end":{"line":12,"column":44}}],"line":12},"1":{"loc":{"start":{"line":13,"column":1},"end":{"line":36,"column":2}},"type":"switch","locations":[{"start":{"line":14,"column":2},"end":{"line":19,"column":5}},{"start":{"line":20,"column":2},"end":{"line":21,"column":33}},{"start":{"line":22,"column":2},"end":{"line":29,"column":5}},{"start":{"line":30,"column":2},"end":{"line":31,"column":56}},{"start":{"line":32,"column":2},"end":{"line":33,"column":28}},{"start":{"line":34,"column":2},"end":{"line":35,"column":16}}],"line":13}},"s":{"0":1,"1":6,"2":0,"3":0,"4":0,"5":0,"6":0,"7":6},"f":{"0":6},"b":{"0":[5],"1":[0,0,0,0,0,6]},"_coverageSchema":"332fd63041d2c1bcb487cc26dd0d5f7d97098a6c","hash":"8bd35574795ff83de88813fa10bd8b3d6c2a83d6"}}
}
