TN:
SF:/mnt/myproj/commerce-ui/src/App.js
FN:12,(anonymous_0)
FNF:1
FNH:1
FNDA:1,(anonymous_0)
DA:12,1
DA:13,1
LF:2
LH:2
BRF:0
BRH:0
end_of_record
TN:
SF:/mnt/myproj/commerce-ui/src/CommerceApp.js
FN:10,(anonymous_0)
FNF:1
FNH:1
FNDA:1,(anonymous_0)
DA:11,1
LF:1
LH:1
BRF:0
BRH:0
end_of_record
TN:
SF:/mnt/myproj/commerce-ui/src/common.js
FN:7,(anonymous_0)
FN:8,(anonymous_1)
FN:9,(anonymous_2)
FN:10,(anonymous_3)
FN:19,(anonymous_4)
FN:20,(anonymous_5)
FN:21,(anonymous_6)
FN:22,(anonymous_7)
FNF:8
FNH:0
FNDA:0,(anonymous_0)
FNDA:0,(anonymous_1)
FNDA:0,(anonymous_2)
FNDA:0,(anonymous_3)
FNDA:0,(anonymous_4)
FNDA:0,(anonymous_5)
FNDA:0,(anonymous_6)
FNDA:0,(anonymous_7)
DA:2,4
DA:3,0
DA:6,4
DA:7,0
DA:8,0
DA:9,0
DA:10,0
DA:14,4
DA:15,0
DA:18,4
DA:19,0
DA:20,0
DA:21,0
DA:22,0
LF:14
LH:4
BRDA:2,0,0,0
BRDA:2,0,1,4
BRDA:2,1,0,4
BRDA:2,1,1,4
BRDA:14,2,0,0
BRDA:14,2,1,4
BRDA:14,3,0,4
BRDA:14,3,1,4
BRF:8
BRH:6
end_of_record
TN:
SF:/mnt/myproj/commerce-ui/src/history.js
FNF:0
FNH:0
DA:3,1
LF:1
LH:1
BRF:0
BRH:0
end_of_record
TN:
SF:/mnt/myproj/commerce-ui/src/index.js
FN:3,_interopRequireDefault
FNF:1
FNH:0
FNDA:0,_interopRequireDefault
DA:1,0
DA:2,0
DA:3,0
DA:5,0
LF:4
LH:0
BRDA:3,0,0,0
BRDA:3,0,1,0
BRDA:3,1,0,0
BRDA:3,1,1,0
BRF:4
BRH:0
end_of_record
TN:
SF:/mnt/myproj/commerce-ui/src/registerServiceWorker.js
FN:111,register
FN:115,(anonymous_1)
FN:117,registerValidSW
FN:117,(anonymous_3)
FN:117,(anonymous_4)
FN:117,(anonymous_5)
FN:124,(anonymous_6)
FN:124,checkValidServiceWorker
FN:125,(anonymous_8)
FN:127,(anonymous_9)
FN:127,(anonymous_10)
FN:128,(anonymous_11)
FN:128,unregister
FN:128,(anonymous_13)
FNF:14
FNH:0
FNDA:0,register
FNDA:0,(anonymous_1)
FNDA:0,registerValidSW
FNDA:0,(anonymous_3)
FNDA:0,(anonymous_4)
FNDA:0,(anonymous_5)
FNDA:0,(anonymous_6)
FNDA:0,checkValidServiceWorker
FNDA:0,(anonymous_8)
FNDA:0,(anonymous_9)
FNDA:0,(anonymous_10)
FNDA:0,(anonymous_11)
FNDA:0,unregister
FNDA:0,(anonymous_13)
DA:1,0
DA:21,0
DA:109,0
DA:111,0
DA:112,0
DA:115,0
DA:116,0
DA:117,0
DA:121,0
DA:124,0
DA:125,0
DA:126,0
DA:127,0
DA:128,0
LF:14
LH:0
BRDA:109,0,0,0
BRDA:109,0,1,0
BRDA:109,0,2,0
BRDA:111,1,0,0
BRDA:111,1,1,0
BRDA:111,2,0,0
BRDA:111,2,1,0
BRDA:112,3,0,0
BRDA:112,3,1,0
BRDA:115,4,0,0
BRDA:115,4,1,0
BRDA:117,5,0,0
BRDA:117,5,1,0
BRDA:117,6,0,0
BRDA:117,6,1,0
BRDA:126,7,0,0
BRDA:126,7,1,0
BRDA:126,8,0,0
BRDA:126,8,1,0
BRDA:128,9,0,0
BRDA:128,9,1,0
BRF:21
BRH:0
end_of_record
TN:
SF:/mnt/myproj/commerce-ui/src/router.js
FN:16,(anonymous_0)
FN:32,(anonymous_1)
FN:36,(anonymous_2)
FNF:3
FNH:1
FNDA:1,(anonymous_0)
FNDA:0,(anonymous_1)
FNDA:0,(anonymous_2)
DA:16,1
DA:17,1
DA:32,1
DA:33,0
DA:35,0
DA:37,0
LF:6
LH:3
BRDA:37,0,0,0
BRDA:37,0,1,0
BRF:2
BRH:0
end_of_record
TN:
SF:/mnt/myproj/commerce-ui/src/setupTests.js
FN:10,(anonymous_0)
FNF:1
FNH:0
FNDA:0,(anonymous_0)
DA:5,3
DA:7,3
DA:9,3
DA:10,3
LF:4
LH:4
BRF:0
BRH:0
end_of_record
TN:
SF:/mnt/myproj/commerce-ui/src/store.js
FN:13,(anonymous_0)
FNF:1
FNH:1
FNDA:1,(anonymous_0)
DA:7,1
DA:9,1
DA:13,1
LF:3
LH:3
BRDA:13,0,0,0
BRDA:13,0,1,1
BRF:2
BRH:1
end_of_record
TN:
SF:/mnt/myproj/commerce-ui/src/style.js
FNF:0
FNH:0
DA:3,1
DA:5,1
DA:12,1
DA:17,1
LF:4
LH:4
BRF:0
BRH:0
end_of_record
TN:
SF:/mnt/myproj/commerce-ui/src/action-types/index.js
FNF:0
FNH:0
DA:1,2
LF:1
LH:1
BRF:0
BRH:0
end_of_record
TN:
SF:/mnt/myproj/commerce-ui/src/actions/products.js
FN:4,(anonymous_0)
FN:5,(anonymous_1)
FN:8,(anonymous_2)
FN:9,(anonymous_3)
FNF:4
FNH:2
FNDA:1,(anonymous_0)
FNDA:1,(anonymous_1)
FNDA:0,(anonymous_2)
FNDA:0,(anonymous_3)
DA:4,1
DA:5,1
DA:6,1
DA:8,0
DA:9,0
LF:5
LH:3
BRDA:6,0,0,0
BRDA:6,0,1,1
BRF:2
BRH:1
end_of_record
TN:
SF:/mnt/myproj/commerce-ui/src/actions/users.js
FN:6,(anonymous_0)
FN:7,(anonymous_1)
FN:11,(anonymous_2)
FN:17,(anonymous_3)
FN:21,(anonymous_4)
FN:22,(anonymous_5)
FN:33,(anonymous_6)
FN:34,(anonymous_7)
FNF:8
FNH:1
FNDA:2,(anonymous_0)
FNDA:0,(anonymous_1)
FNDA:0,(anonymous_2)
FNDA:0,(anonymous_3)
FNDA:0,(anonymous_4)
FNDA:0,(anonymous_5)
FNDA:0,(anonymous_6)
FNDA:0,(anonymous_7)
DA:6,2
DA:7,2
DA:8,0
DA:10,0
DA:12,0
DA:13,0
DA:14,0
DA:15,0
DA:17,0
DA:21,2
DA:22,0
DA:23,0
DA:24,0
DA:25,0
DA:27,0
DA:33,2
DA:34,0
DA:35,0
LF:18
LH:4
BRDA:27,0,0,0
BRDA:27,0,1,0
BRDA:27,1,0,0
BRDA:27,1,1,0
BRDA:35,2,0,0
BRDA:35,2,1,0
BRF:6
BRH:0
end_of_record
TN:
SF:/mnt/myproj/commerce-ui/src/components/index.js
FNF:0
FNH:0
LF:0
LH:0
BRF:0
BRH:0
end_of_record
TN:
SF:/mnt/myproj/commerce-ui/src/components/Common/index.js
FNF:0
FNH:0
LF:0
LH:0
BRF:0
BRH:0
end_of_record
TN:
SF:/mnt/myproj/commerce-ui/src/components/Common/Error/index.js
FN:5,(anonymous_0)
FNF:1
FNH:1
FNDA:1,(anonymous_0)
DA:5,2
DA:6,1
LF:2
LH:2
BRF:0
BRH:0
end_of_record
TN:
SF:/mnt/myproj/commerce-ui/src/components/Common/Error/style.js
FNF:0
FNH:0
DA:3,2
DA:5,2
LF:2
LH:2
BRF:0
BRH:0
end_of_record
TN:
SF:/mnt/myproj/commerce-ui/src/components/Common/Form/Button.js
FN:6,(anonymous_0)
FNF:1
FNH:1
FNDA:15,(anonymous_0)
DA:6,2
DA:7,15
DA:22,2
DA:30,2
LF:4
LH:4
BRF:0
BRH:0
end_of_record
TN:
SF:/mnt/myproj/commerce-ui/src/components/Common/Form/Input.js
FN:6,(anonymous_0)
FNF:1
FNH:1
FNDA:30,(anonymous_0)
DA:6,2
DA:7,30
DA:27,2
DA:41,2
LF:4
LH:4
BRDA:9,0,0,30
BRDA:9,0,1,0
BRDA:19,1,0,12
BRDA:19,1,1,18
BRF:4
BRH:3
end_of_record
TN:
SF:/mnt/myproj/commerce-ui/src/components/Common/Form/style.js
FN:31,(anonymous_0)
FN:74,(anonymous_1)
FNF:2
FNH:2
FNDA:30,(anonymous_0)
FNDA:15,(anonymous_1)
DA:3,2
DA:5,2
DA:13,2
DA:18,2
DA:26,2
DA:31,30
DA:39,2
DA:44,2
DA:53,2
DA:59,2
DA:75,15
LF:11
LH:11
BRDA:31,0,0,12
BRDA:31,0,1,18
BRDA:75,1,0,15
BRDA:75,1,1,0
BRF:4
BRH:3
end_of_record
TN:
SF:/mnt/myproj/commerce-ui/src/components/Common/Link/index.js
FN:8,(anonymous_0)
FNF:1
FNH:1
FNDA:9,(anonymous_0)
DA:8,2
DA:9,9
LF:2
LH:2
BRF:0
BRH:0
end_of_record
TN:
SF:/mnt/myproj/commerce-ui/src/components/Common/Link/style.js
FNF:0
FNH:0
DA:4,2
DA:6,2
LF:2
LH:2
BRF:0
BRH:0
end_of_record
TN:
SF:/mnt/myproj/commerce-ui/src/components/FeaturedProducts/index.js
FN:10,(anonymous_0)
FN:14,(anonymous_1)
FN:24,(anonymous_2)
FN:34,(anonymous_3)
FNF:4
FNH:3
FNDA:1,(anonymous_0)
FNDA:2,(anonymous_1)
FNDA:0,(anonymous_2)
FNDA:2,(anonymous_3)
DA:11,1
DA:15,2
DA:17,2
DA:25,0
DA:34,1
DA:35,2
DA:37,2
LF:7
LH:6
BRDA:21,0,0,1
BRDA:21,0,1,1
BRDA:23,1,0,0
BRDA:23,1,1,1
BRF:4
BRH:3
end_of_record
TN:
SF:/mnt/myproj/commerce-ui/src/components/FeaturedProducts/style.js
FNF:0
FNH:0
DA:3,1
DA:5,1
DA:11,1
DA:18,1
LF:4
LH:4
BRF:0
BRH:0
end_of_record
TN:
SF:/mnt/myproj/commerce-ui/src/components/Footer/index.js
FN:6,(anonymous_0)
FNF:1
FNH:1
FNDA:1,(anonymous_0)
DA:6,1
DA:7,1
DA:8,1
DA:10,1
LF:4
LH:4
BRF:0
BRH:0
end_of_record
TN:
SF:/mnt/myproj/commerce-ui/src/components/Footer/style.js
FNF:0
FNH:0
DA:3,1
DA:5,1
DA:14,1
DA:20,1
DA:27,1
LF:5
LH:5
BRF:0
BRH:0
end_of_record
TN:
SF:/mnt/myproj/commerce-ui/src/components/Header/index.js
FN:8,(anonymous_0)
FNF:1
FNH:1
FNDA:1,(anonymous_0)
DA:8,1
DA:9,1
LF:2
LH:2
BRF:0
BRH:0
end_of_record
TN:
SF:/mnt/myproj/commerce-ui/src/components/Header/style.js
FNF:0
FNH:0
DA:3,1
DA:5,1
LF:2
LH:2
BRF:0
BRH:0
end_of_record
TN:
SF:/mnt/myproj/commerce-ui/src/components/Header/Logonav/index.js
FN:7,(anonymous_0)
FNF:1
FNH:1
FNDA:1,(anonymous_0)
DA:7,1
DA:8,1
LF:2
LH:2
BRDA:12,0,0,0
BRDA:12,0,1,1
BRF:2
BRH:1
end_of_record
TN:
SF:/mnt/myproj/commerce-ui/src/components/Header/Logonav/style.js
FNF:0
FNH:0
DA:3,1
DA:5,1
DA:11,1
DA:16,1
DA:20,1
DA:27,1
LF:6
LH:6
BRF:0
BRH:0
end_of_record
TN:
SF:/mnt/myproj/commerce-ui/src/components/Header/Menu/index.js
FN:7,(anonymous_0)
FNF:1
FNH:1
FNDA:1,(anonymous_0)
DA:7,1
DA:8,1
LF:2
LH:2
BRF:0
BRH:0
end_of_record
TN:
SF:/mnt/myproj/commerce-ui/src/components/Header/Menu/style.js
FNF:0
FNH:0
DA:3,1
DA:5,1
DA:13,1
DA:20,1
LF:4
LH:4
BRF:0
BRH:0
end_of_record
TN:
SF:/mnt/myproj/commerce-ui/src/components/HomeProfile/index.js
FN:5,(anonymous_0)
FNF:1
FNH:0
FNDA:0,(anonymous_0)
DA:5,1
DA:6,0
LF:2
LH:1
BRF:0
BRH:0
end_of_record
TN:
SF:/mnt/myproj/commerce-ui/src/components/HomeProfile/style.js
FNF:0
FNH:0
DA:3,1
DA:5,1
DA:10,1
DA:20,1
DA:29,1
LF:5
LH:5
BRF:0
BRH:0
end_of_record
TN:
SF:/mnt/myproj/commerce-ui/src/components/Login/index.js
FN:8,(anonymous_0)
FN:22,(anonymous_1)
FN:24,(anonymous_2)
FN:26,(anonymous_3)
FN:38,(anonymous_4)
FN:48,(anonymous_5)
FN:89,(anonymous_6)
FN:118,(anonymous_7)
FNF:8
FNH:6
FNDA:3,(anonymous_0)
FNDA:0,(anonymous_1)
FNDA:6,(anonymous_2)
FNDA:6,(anonymous_3)
FNDA:12,(anonymous_4)
FNDA:12,(anonymous_5)
FNDA:15,(anonymous_6)
FNDA:0,(anonymous_7)
DA:9,3
DA:11,3
DA:22,0
DA:24,6
DA:27,6
DA:29,6
DA:34,6
DA:35,12
DA:38,12
DA:40,6
DA:41,2
DA:42,2
DA:44,4
DA:49,12
DA:51,12
DA:53,6
DA:55,6
DA:56,6
DA:57,5
DA:59,5
DA:60,1
DA:63,1
DA:67,6
DA:68,6
DA:70,6
DA:72,6
DA:73,6
DA:74,3
DA:75,1
DA:78,3
DA:82,6
DA:83,6
DA:85,0
DA:90,15
DA:118,2
DA:119,0
DA:121,0
LF:37
LH:33
BRDA:40,0,0,2
BRDA:40,0,1,4
BRDA:40,1,0,6
BRDA:40,1,1,6
BRDA:48,2,0,0
BRDA:51,3,0,6
BRDA:51,3,1,6
BRDA:51,3,2,0
BRDA:55,4,0,6
BRDA:55,4,1,0
BRDA:56,5,0,5
BRDA:56,5,1,1
BRDA:59,6,0,1
BRDA:59,6,1,4
BRDA:72,7,0,6
BRDA:72,7,1,0
BRDA:73,8,0,3
BRDA:73,8,1,3
BRDA:74,9,0,1
BRDA:74,9,1,2
BRDA:92,10,0,1
BRDA:92,10,1,14
BRF:22
BRH:18
end_of_record
TN:
SF:/mnt/myproj/commerce-ui/src/components/MiniProduct/index.js
FN:8,(anonymous_0)
FN:18,(anonymous_1)
FNF:2
FNH:0
FNDA:0,(anonymous_0)
FNDA:0,(anonymous_1)
DA:9,0
DA:11,0
DA:18,0
LF:3
LH:0
BRDA:25,0,0,0
BRDA:25,0,1,0
BRF:2
BRH:0
end_of_record
TN:
SF:/mnt/myproj/commerce-ui/src/components/MiniProduct/style.js
FNF:0
FNH:0
DA:3,1
DA:5,1
DA:11,1
DA:20,1
DA:26,1
DA:33,1
DA:38,1
DA:59,1
LF:8
LH:8
BRF:0
BRH:0
end_of_record
TN:
SF:/mnt/myproj/commerce-ui/src/libs/productsService.js
FN:3,(anonymous_0)
FN:11,(anonymous_1)
FN:12,(anonymous_2)
FNF:3
FNH:0
FNDA:0,(anonymous_0)
FNDA:0,(anonymous_1)
FNDA:0,(anonymous_2)
DA:3,1
DA:4,0
DA:10,0
DA:11,0
DA:12,0
LF:5
LH:1
BRF:0
BRH:0
end_of_record
TN:
SF:/mnt/myproj/commerce-ui/src/libs/server.js
FN:11,(anonymous_0)
FN:29,(anonymous_1)
FN:35,(anonymous_2)
FNF:3
FNH:0
FNDA:0,(anonymous_0)
FNDA:0,(anonymous_1)
FNDA:0,(anonymous_2)
DA:4,2
DA:5,2
DA:6,2
DA:7,2
DA:9,2
DA:11,2
DA:12,0
DA:13,0
DA:14,0
DA:16,0
DA:18,0
DA:21,2
DA:29,2
DA:30,0
DA:35,2
DA:36,0
DA:40,0
DA:42,0
LF:18
LH:9
BRDA:16,0,0,0
BRDA:16,0,1,0
BRDA:30,1,0,0
BRDA:30,1,1,0
BRDA:36,2,0,0
BRDA:36,2,1,0
BRDA:36,3,0,0
BRDA:36,3,1,0
BRDA:36,3,2,0
BRDA:40,4,0,0
BRDA:40,4,1,0
BRDA:40,5,0,0
BRDA:40,5,1,0
BRF:13
BRH:0
end_of_record
TN:
SF:/mnt/myproj/commerce-ui/src/libs/usersService.js
FN:3,(anonymous_0)
FN:12,(anonymous_1)
FN:13,(anonymous_2)
FNF:3
FNH:0
FNDA:0,(anonymous_0)
FNDA:0,(anonymous_1)
FNDA:0,(anonymous_2)
DA:3,2
DA:4,0
DA:11,0
DA:12,0
DA:13,0
LF:5
LH:1
BRF:0
BRH:0
end_of_record
TN:
SF:/mnt/myproj/commerce-ui/src/pages/Cart/index.js
FN:9,(anonymous_0)
FN:18,(anonymous_1)
FNF:2
FNH:0
FNDA:0,(anonymous_0)
FNDA:0,(anonymous_1)
DA:10,0
DA:18,1
DA:19,0
LF:3
LH:1
BRF:0
BRH:0
end_of_record
TN:
SF:/mnt/myproj/commerce-ui/src/pages/Cart/style.js
FNF:0
FNH:0
DA:3,1
DA:5,1
DA:10,1
DA:14,1
DA:19,1
DA:23,1
LF:6
LH:6
BRF:0
BRH:0
end_of_record
TN:
SF:/mnt/myproj/commerce-ui/src/pages/Home/index.js
FN:9,(anonymous_0)
FN:29,(anonymous_1)
FNF:2
FNH:2
FNDA:1,(anonymous_0)
FNDA:2,(anonymous_1)
DA:10,1
DA:29,1
DA:30,2
DA:31,2
LF:4
LH:4
BRDA:13,0,0,0
BRDA:13,0,1,1
BRF:2
BRH:1
end_of_record
TN:
SF:/mnt/myproj/commerce-ui/src/pages/Home/style.js
FNF:0
FNH:0
DA:3,1
DA:5,1
DA:10,1
DA:15,1
DA:20,1
DA:24,1
LF:6
LH:6
BRF:0
BRH:0
end_of_record
TN:
SF:/mnt/myproj/commerce-ui/src/pages/Logout/index.js
FN:7,(anonymous_0)
FN:10,(anonymous_1)
FN:16,(anonymous_2)
FNF:3
FNH:0
FNDA:0,(anonymous_0)
FNDA:0,(anonymous_1)
FNDA:0,(anonymous_2)
DA:8,0
DA:11,0
DA:16,1
DA:17,0
DA:19,0
LF:5
LH:1
BRF:0
BRH:0
end_of_record
TN:
SF:/mnt/myproj/commerce-ui/src/pages/NotFound/index.js
FN:5,(anonymous_0)
FN:12,(anonymous_1)
FNF:2
FNH:0
FNDA:0,(anonymous_0)
FNDA:0,(anonymous_1)
DA:6,0
DA:12,1
DA:13,0
LF:3
LH:1
BRF:0
BRH:0
end_of_record
TN:
SF:/mnt/myproj/commerce-ui/src/pages/Orders/index.js
FN:9,(anonymous_0)
FN:18,(anonymous_1)
FNF:2
FNH:0
FNDA:0,(anonymous_0)
FNDA:0,(anonymous_1)
DA:10,0
DA:18,1
DA:19,0
LF:3
LH:1
BRF:0
BRH:0
end_of_record
TN:
SF:/mnt/myproj/commerce-ui/src/pages/Orders/style.js
FNF:0
FNH:0
DA:3,1
DA:5,1
DA:10,1
DA:14,1
DA:19,1
DA:23,1
LF:6
LH:6
BRF:0
BRH:0
end_of_record
TN:
SF:/mnt/myproj/commerce-ui/src/pages/ProductDetail/index.js
FN:9,(anonymous_0)
FN:18,(anonymous_1)
FNF:2
FNH:0
FNDA:0,(anonymous_0)
FNDA:0,(anonymous_1)
DA:10,0
DA:18,1
DA:19,0
LF:3
LH:1
BRF:0
BRH:0
end_of_record
TN:
SF:/mnt/myproj/commerce-ui/src/pages/ProductDetail/style.js
FNF:0
FNH:0
DA:3,1
DA:5,1
DA:10,1
DA:14,1
DA:19,1
DA:23,1
LF:6
LH:6
BRF:0
BRH:0
end_of_record
TN:
SF:/mnt/myproj/commerce-ui/src/pages/Products/index.js
FN:9,(anonymous_0)
FN:18,(anonymous_1)
FNF:2
FNH:0
FNDA:0,(anonymous_0)
FNDA:0,(anonymous_1)
DA:10,0
DA:18,1
DA:19,0
LF:3
LH:1
BRF:0
BRH:0
end_of_record
TN:
SF:/mnt/myproj/commerce-ui/src/pages/Products/style.js
FNF:0
FNH:0
DA:3,1
DA:5,1
DA:10,1
DA:14,1
DA:19,1
DA:23,1
LF:6
LH:6
BRF:0
BRH:0
end_of_record
TN:
SF:/mnt/myproj/commerce-ui/src/pages/Search/index.js
FN:9,(anonymous_0)
FN:18,(anonymous_1)
FNF:2
FNH:0
FNDA:0,(anonymous_0)
FNDA:0,(anonymous_1)
DA:10,0
DA:18,1
DA:19,0
LF:3
LH:1
BRF:0
BRH:0
end_of_record
TN:
SF:/mnt/myproj/commerce-ui/src/pages/Search/style.js
FNF:0
FNH:0
DA:3,1
DA:5,1
DA:10,1
DA:14,1
DA:19,1
DA:23,1
LF:6
LH:6
BRF:0
BRH:0
end_of_record
TN:
SF:/mnt/myproj/commerce-ui/src/pages/SignIn/index.js
FN:9,(anonymous_0)
FN:21,(anonymous_1)
FNF:2
FNH:0
FNDA:0,(anonymous_0)
FNDA:0,(anonymous_1)
DA:10,0
DA:21,1
DA:22,0
LF:3
LH:1
BRF:0
BRH:0
end_of_record
TN:
SF:/mnt/myproj/commerce-ui/src/pages/SignIn/style.js
FNF:0
FNH:0
DA:3,1
DA:5,1
DA:11,1
DA:17,1
LF:4
LH:4
BRF:0
BRH:0
end_of_record
TN:
SF:/mnt/myproj/commerce-ui/src/partials/FooterPartial.js
FN:5,(anonymous_0)
FNF:1
FNH:1
FNDA:1,(anonymous_0)
DA:5,1
DA:6,1
LF:2
LH:2
BRF:0
BRH:0
end_of_record
TN:
SF:/mnt/myproj/commerce-ui/src/partials/HeaderPartial.js
FN:8,(anonymous_0)
FN:12,(anonymous_1)
FN:23,(anonymous_2)
FN:32,(anonymous_3)
FNF:4
FNH:4
FNDA:1,(anonymous_0)
FNDA:1,(anonymous_1)
FNDA:2,(anonymous_2)
FNDA:2,(anonymous_3)
DA:13,1
DA:23,1
DA:24,2
DA:26,2
DA:32,2
LF:5
LH:5
BRF:0
BRH:0
end_of_record
TN:
SF:/mnt/myproj/commerce-ui/src/reducers/index.js
FNF:0
FNH:0
LF:0
LH:0
BRF:0
BRH:0
end_of_record
TN:
SF:/mnt/myproj/commerce-ui/src/reducers/header/index.js
FNF:0
FNH:0
LF:0
LH:0
BRF:0
BRH:0
end_of_record
TN:
SF:/mnt/myproj/commerce-ui/src/reducers/header/logo.js
FN:10,(anonymous_0)
FNF:1
FNH:1
FNDA:6,(anonymous_0)
DA:1,1
DA:11,6
DA:13,6
LF:3
LH:3
BRDA:10,0,0,5
BRDA:11,1,0,6
BRF:2
BRH:2
end_of_record
TN:
SF:/mnt/myproj/commerce-ui/src/reducers/products/featured.js
FN:8,(anonymous_0)
FNF:1
FNH:1
FNDA:6,(anonymous_0)
DA:3,1
DA:9,6
DA:11,1
DA:13,5
LF:4
LH:4
BRDA:8,0,0,5
BRDA:9,1,0,1
BRDA:9,1,1,5
BRF:3
BRH:3
end_of_record
TN:
SF:/mnt/myproj/commerce-ui/src/reducers/products/index.js
FNF:0
FNH:0
LF:0
LH:0
BRF:0
BRH:0
end_of_record
TN:
SF:/mnt/myproj/commerce-ui/src/reducers/session/index.js
FNF:0
FNH:0
LF:0
LH:0
BRF:0
BRH:0
end_of_record
TN:
SF:/mnt/myproj/commerce-ui/src/reducers/session/user.js
FN:12,(anonymous_0)
FNF:1
FNH:1
FNDA:6,(anonymous_0)
DA:3,1
DA:13,6
DA:15,0
DA:21,0
DA:23,0
DA:31,0
DA:33,0
DA:35,6
LF:8
LH:3
BRDA:12,0,0,5
BRDA:13,1,0,0
BRDA:13,1,1,0
BRDA:13,1,2,0
BRDA:13,1,3,0
BRDA:13,1,4,0
BRDA:13,1,5,6
BRF:7
BRH:2
end_of_record
